<?xml version="1.0" encoding="utf-8"?>
<CoverageSession xmlns:xsd="http://www.w3.org/2001/XMLSchema" xmlns:xsi="http://www.w3.org/2001/XMLSchema-instance" Version="0.0.0.0">
  <Summary numSequencePoints="510" visitedSequencePoints="289" numBranchPoints="0" visitedBranchPoints="0" sequenceCoverage="56.67" branchCoverage="0.0" maxCyclomaticComplexity="0" minCyclomaticComplexity="0" maxCrapScore="0" minCrapScore="0" visitedClasses="24" numClasses="35" visitedMethods="38" numMethods="81" />
  <Modules>
    <Module>
      <Summary numSequencePoints="11" visitedSequencePoints="11" numBranchPoints="0" visitedBranchPoints="0" sequenceCoverage="100.0" branchCoverage="0.0" maxCyclomaticComplexity="0" minCyclomaticComplexity="0" maxCrapScore="0" minCrapScore="0" visitedClasses="1" numClasses="1" visitedMethods="1" numMethods="1" />
      <ModuleTime>0001-01-01T00:00:00</ModuleTime>
      <ModuleName>EditModeAssembly</ModuleName>
      <Files>
        <File uid="1" fullPath="C:/Users/Adam/Desktop/491/sdmay26-02/Assets/Tests/EditMode/GridClassTests.cs" />
      </Files>
      <Classes>
        <Class>
          <Summary numSequencePoints="11" visitedSequencePoints="11" numBranchPoints="0" visitedBranchPoints="0" sequenceCoverage="100.0" branchCoverage="0.0" maxCyclomaticComplexity="0" minCyclomaticComplexity="0" maxCrapScore="0" minCrapScore="0" visitedClasses="1" numClasses="1" visitedMethods="1" numMethods="1" />
          <FullName>TestsGrid.GridClassTests</FullName>
          <Methods>
            <Method visited="true" cyclomaticComplexity="0" nPathComplexity="0" sequenceCoverage="100.0" branchCoverage="0" crapScore="0" isConstructor="false" isStatic="false" isGetter="false" isSetter="false">
              <Summary numSequencePoints="11" visitedSequencePoints="11" numBranchPoints="0" visitedBranchPoints="0" sequenceCoverage="100.0" branchCoverage="0" maxCyclomaticComplexity="0" minCyclomaticComplexity="0" maxCrapScore="0" minCrapScore="0" visitedClasses="0" numClasses="0" visitedMethods="1" numMethods="1" />
              <MetadataToken>100663299</MetadataToken>
              <Name>System.Void TestsGrid.GridClassTests::LevelLoadsSuccessfullyInEditor()</Name>
              <FileRef uid="1" />
              <SequencePoints>
                <SequencePoint vc="1" uspid="20770" ordinal="0" offset="0" sl="14" sc="9" el="14" ec="9" bec="0" bev="0" fileid="1" />
                <SequencePoint vc="1" uspid="20771" ordinal="0" offset="1" sl="16" sc="13" el="16" ec="13" bec="0" bev="0" fileid="1" />
                <SequencePoint vc="1" uspid="20772" ordinal="0" offset="12" sl="17" sc="13" el="17" ec="13" bec="0" bev="0" fileid="1" />
                <SequencePoint vc="1" uspid="20773" ordinal="0" offset="33" sl="18" sc="13" el="18" ec="13" bec="0" bev="0" fileid="1" />
                <SequencePoint vc="1" uspid="20774" ordinal="0" offset="42" sl="21" sc="13" el="21" ec="13" bec="0" bev="0" fileid="1" />
                <SequencePoint vc="1" uspid="20775" ordinal="0" offset="50" sl="24" sc="13" el="24" ec="13" bec="0" bev="0" fileid="1" />
                <SequencePoint vc="1" uspid="20776" ordinal="0" offset="56" sl="27" sc="13" el="27" ec="13" bec="0" bev="0" fileid="1" />
                <SequencePoint vc="1" uspid="20777" ordinal="0" offset="73" sl="30" sc="13" el="30" ec="13" bec="0" bev="0" fileid="1" />
                <SequencePoint vc="1" uspid="20778" ordinal="0" offset="80" sl="33" sc="13" el="33" ec="13" bec="0" bev="0" fileid="1" />
                <SequencePoint vc="1" uspid="20779" ordinal="0" offset="102" sl="36" sc="13" el="36" ec="13" bec="0" bev="0" fileid="1" />
                <SequencePoint vc="1" uspid="20780" ordinal="0" offset="130" sl="37" sc="9" el="37" ec="9" bec="0" bev="0" fileid="1" />
              </SequencePoints>
              <BranchPoints />
            </Method>
          </Methods>
        </Class>
      </Classes>
    </Module>
    <Module>
      <Summary numSequencePoints="499" visitedSequencePoints="278" numBranchPoints="0" visitedBranchPoints="0" sequenceCoverage="55.71" branchCoverage="0.0" maxCyclomaticComplexity="0" minCyclomaticComplexity="0" maxCrapScore="0" minCrapScore="0" visitedClasses="23" numClasses="34" visitedMethods="37" numMethods="80" />
      <ModuleTime>0001-01-01T00:00:00</ModuleTime>
      <ModuleName>MainGameAssembly</ModuleName>
      <Files>
        <File uid="2" fullPath="C:/Users/Adam/Desktop/491/sdmay26-02/Assets/InputSystem_Actions.cs" />
        <File uid="3" fullPath="C:/Users/Adam/Desktop/491/sdmay26-02/Assets/Prefabs/Creatures/Editor/CreaturePrefabImporter.cs" />
        <File uid="4" fullPath="C:/Users/Adam/Desktop/491/sdmay26-02/Assets/Prefabs/Creatures/Editor/Custom_Mesh_Inspector.cs" />
        <File uid="5" fullPath="C:/Users/Adam/Desktop/491/sdmay26-02/Assets/Prefabs/Creatures/Editor/EquipmentPrefabImporter.cs" />
        <File uid="6" fullPath="C:/Users/Adam/Desktop/491/sdmay26-02/Assets/Scripts/AudioManager.cs" />
        <File uid="7" fullPath="C:/Users/Adam/Desktop/491/sdmay26-02/Assets/Scripts/Camera/CameraManager.cs" />
        <File uid="8" fullPath="C:/Users/Adam/Desktop/491/sdmay26-02/Assets/Scripts/Combat/ActionController.cs" />
        <File uid="9" fullPath="C:/Users/Adam/Desktop/491/sdmay26-02/Assets/Scripts/Combat/Actions/Attacks/Strike.cs" />
        <File uid="10" fullPath="C:/Users/Adam/Desktop/491/sdmay26-02/Assets/Scripts/Combat/Actions/Stride.cs" />
        <File uid="11" fullPath="C:/Users/Adam/Desktop/491/sdmay26-02/Assets/Scripts/Combat/AIActionController.cs" />
        <File uid="12" fullPath="C:/Users/Adam/Desktop/491/sdmay26-02/Assets/Scripts/Combat/CombatManager.cs" />
        <File uid="13" fullPath="C:/Users/Adam/Desktop/491/sdmay26-02/Assets/Scripts/Combat/EntityAction.cs" />
        <File uid="14" fullPath="C:/Users/Adam/Desktop/491/sdmay26-02/Assets/Scripts/Combat/GameManager.cs" />
        <File uid="15" fullPath="C:/Users/Adam/Desktop/491/sdmay26-02/Assets/Scripts/Combat/MindlessController.cs" />
        <File uid="16" fullPath="C:/Users/Adam/Desktop/491/sdmay26-02/Assets/Scripts/Combat/MultiFrameEntityAction.cs" />
        <File uid="17" fullPath="C:/Users/Adam/Desktop/491/sdmay26-02/Assets/Scripts/Combat/PlayerActionController.cs" />
        <File uid="18" fullPath="C:/Users/Adam/Desktop/491/sdmay26-02/Assets/Scripts/Combat/Team.cs" />
        <File uid="19" fullPath="C:/Users/Adam/Desktop/491/sdmay26-02/Assets/Scripts/Combat/TeamRules.cs" />
        <File uid="20" fullPath="C:/Users/Adam/Desktop/491/sdmay26-02/Assets/Scripts/Combat/TurnStep.cs" />
        <File uid="21" fullPath="C:/Users/Adam/Desktop/491/sdmay26-02/Assets/Scripts/Creature/Conditions/Abilities/Ability.cs" />
        <File uid="22" fullPath="C:/Users/Adam/Desktop/491/sdmay26-02/Assets/Scripts/Creature/Conditions/Abilities/DefinedAbilities.cs" />
        <File uid="23" fullPath="C:/Users/Adam/Desktop/491/sdmay26-02/Assets/Scripts/Creature/Conditions/Condition.cs" />
        <File uid="24" fullPath="C:/Users/Adam/Desktop/491/sdmay26-02/Assets/Scripts/Creature/Conditions/Conditions.cs" />
        <File uid="25" fullPath="C:/Users/Adam/Desktop/491/sdmay26-02/Assets/Scripts/Creature/Conditions/ConditionSource.cs" />
        <File uid="26" fullPath="C:/Users/Adam/Desktop/491/sdmay26-02/Assets/Scripts/Creature/Conditions/DefinedConditions.cs" />
        <File uid="27" fullPath="C:/Users/Adam/Desktop/491/sdmay26-02/Assets/Scripts/Creature/Conditions/Implemented/Slowed.cs" />
        <File uid="28" fullPath="C:/Users/Adam/Desktop/491/sdmay26-02/Assets/Scripts/Creature/Portrait.cs" />
        <File uid="29" fullPath="C:/Users/Adam/Desktop/491/sdmay26-02/Assets/Scripts/Creature/Token/TokenMeshSelection.cs" />
        <File uid="30" fullPath="C:/Users/Adam/Desktop/491/sdmay26-02/Assets/Scripts/Creature/Token/ViewModel.cs" />
        <File uid="31" fullPath="C:/Users/Adam/Desktop/491/sdmay26-02/Assets/Scripts/Grid/Generation/Map.cs" />
        <File uid="32" fullPath="C:/Users/Adam/Desktop/491/sdmay26-02/Assets/Scripts/Grid/Input/InputCompact.cs" />
        <File uid="33" fullPath="C:/Users/Adam/Desktop/491/sdmay26-02/Assets/Scripts/Movement.cs" />
        <File uid="34" fullPath="C:/Users/Adam/Desktop/491/sdmay26-02/Assets/Scripts/SceneTransitionManager.cs" />
        <File uid="35" fullPath="C:/Users/Adam/Desktop/491/sdmay26-02/Assets/Scripts/Utility/CoroutineRunner.cs" />
        <File uid="36" fullPath="C:/Users/Adam/Desktop/491/sdmay26-02/Assets/Scripts/Utility/EntityEffects/MultiFrameEntityEffect.cs" />
        <File uid="37" fullPath="C:/Users/Adam/Desktop/491/sdmay26-02/Assets/Scripts/Utility/EventCoroutine.cs" />
        <File uid="38" fullPath="C:/Users/Adam/Desktop/491/sdmay26-02/Assets/Scripts/Utility/FiniteStateMachine.cs" />
        <File uid="39" fullPath="C:/Users/Adam/Desktop/491/sdmay26-02/Assets/Scripts/Utility/GameObjectPool.cs" />
        <File uid="40" fullPath="C:/Users/Adam/Desktop/491/sdmay26-02/Assets/Scripts/Utility/Heap.cs" />
        <File uid="41" fullPath="C:/Users/Adam/Desktop/491/sdmay26-02/Assets/Scripts/Utility/Ref.cs" />
        <File uid="42" fullPath="C:/Users/Adam/Desktop/491/sdmay26-02/Assets/Scripts/Utility/SingletonMonoBehaviour.cs" />
        <File uid="43" fullPath="C:/Users/Adam/Desktop/491/sdmay26-02/Assets/Scripts/Utility/StaticEventCoroutine.cs" />
        <File uid="44" fullPath="C:/Users/Adam/Desktop/491/sdmay26-02/Assets/Scripts/Utility/StaticUnityEvent.cs" />
        <File uid="45" fullPath="C:/Users/Adam/Desktop/491/sdmay26-02/Assets/TutorialInfo/Scripts/Editor/ReadmeEditor.cs" />
        <File uid="46" fullPath="C:/Users/Adam/Desktop/491/sdmay26-02/Assets/UIStuff/CharacterCreation/CharacterCreationScript.cs" />
        <File uid="47" fullPath="C:/Users/Adam/Desktop/491/sdmay26-02/Assets/UIStuff/CharacterCreation/TutorialManager.cs" />
        <File uid="48" fullPath="C:/Users/Adam/Desktop/491/sdmay26-02/Assets/UIStuff/HowToPlayMenu/HowToPlayMenuControl.cs" />
        <File uid="49" fullPath="C:/Users/Adam/Desktop/491/sdmay26-02/Assets/UIStuff/HUD/CombatLog.cs" />
        <File uid="50" fullPath="C:/Users/Adam/Desktop/491/sdmay26-02/Assets/UIStuff/HUD/HUDController.cs" />
        <File uid="51" fullPath="C:/Users/Adam/Desktop/491/sdmay26-02/Assets/UIStuff/MainMenu/MainMenuControl.cs" />
        <File uid="52" fullPath="C:/Users/Adam/Desktop/491/sdmay26-02/Assets/UIStuff/SettingsMenu/SettingsMenuControl.cs" />
        <File uid="53" fullPath="C:/Users/Adam/Desktop/491/sdmay26-02/Assets/UIStuff/StatusMenu/StatusMenuControl.cs" />
        <File uid="54" fullPath="C:/Users/Adam/Desktop/491/sdmay26-02/Assets/UIStuff/StoryBoard/StoryBoardControl.cs" />
        <File uid="55" fullPath="C:/Users/Adam/Desktop/491/sdmay26-02/Assets/Scripts/Grid/Token.cs" />
        <File uid="56" fullPath="C:/Users/Adam/Desktop/491/sdmay26-02/Assets/Scripts/Grid/Generation/SceneObjects/Grass.cs" />
        <File uid="57" fullPath="C:/Users/Adam/Desktop/491/sdmay26-02/Assets/Scripts/Grid/Generation/SceneObjects/Wall.cs" />
        <File uid="58" fullPath="C:/Users/Adam/Desktop/491/sdmay26-02/Assets/Scripts/Grid/Generation/TileSettings.cs" />
        <File uid="59" fullPath="C:/Users/Adam/Desktop/491/sdmay26-02/Assets/Scripts/Grid/GridBase.cs" />
        <File uid="60" fullPath="C:/Users/Adam/Desktop/491/sdmay26-02/Assets/Scripts/Grid/GridVisuals.cs" />
        <File uid="61" fullPath="C:/Users/Adam/Desktop/491/sdmay26-02/Assets/Scripts/Grid/Input/GridInput.cs" />
        <File uid="62" fullPath="C:/Users/Adam/Desktop/491/sdmay26-02/Assets/Scripts/Grid/Pathfinding/Dijkstra.cs" />
        <File uid="63" fullPath="C:/Users/Adam/Desktop/491/sdmay26-02/Assets/Scripts/Grid/Pathfinding/IPathfinder.cs" />
        <File uid="64" fullPath="C:/Users/Adam/Desktop/491/sdmay26-02/Assets/Scripts/Grid/States/GridFSM.cs" />
        <File uid="65" fullPath="C:/Users/Adam/Desktop/491/sdmay26-02/Assets/Scripts/Grid/States/GridFSMState.cs" />
        <File uid="66" fullPath="C:/Users/Adam/Desktop/491/sdmay26-02/Assets/Scripts/Grid/States/StateStride.cs" />
        <File uid="67" fullPath="C:/Users/Adam/Desktop/491/sdmay26-02/Assets/Scripts/Grid/States/StateStrike.cs" />
        <File uid="68" fullPath="C:/Users/Adam/Desktop/491/sdmay26-02/Assets/Scripts/Grid/Tile.cs" />
        <File uid="69" fullPath="C:/Users/Adam/Desktop/491/sdmay26-02/Assets/Scripts/Grid/tokenMovement.cs" />
        <File uid="70" fullPath="C:/Users/Adam/Desktop/491/sdmay26-02/Assets/Scripts/Creature/Armory.cs" />
        <File uid="71" fullPath="C:/Users/Adam/Desktop/491/sdmay26-02/Assets/Scripts/Creature/CreatureComponent.cs" />
        <File uid="72" fullPath="C:/Users/Adam/Desktop/491/sdmay26-02/Assets/Scripts/Creature/CreatureJsonConverter.cs" />
        <File uid="73" fullPath="C:/Users/Adam/Desktop/491/sdmay26-02/Assets/Scripts/Creature/CreatureLoader.cs" />
        <File uid="74" fullPath="C:/Users/Adam/Desktop/491/sdmay26-02/Assets/Scripts/Creature/DamageProto.cs" />
        <File uid="75" fullPath="C:/Users/Adam/Desktop/491/sdmay26-02/Assets/Scripts/Creature/DataFileInterface.cs" />
        <File uid="76" fullPath="C:/Users/Adam/Desktop/491/sdmay26-02/Assets/Scripts/Creature/DiceProto.cs" />
        <File uid="77" fullPath="C:/Users/Adam/Desktop/491/sdmay26-02/Assets/Scripts/Creature/EquipmentArmor.cs" />
        <File uid="78" fullPath="C:/Users/Adam/Desktop/491/sdmay26-02/Assets/Scripts/Creature/EquipmentWeapon.cs" />
        <File uid="79" fullPath="C:/Users/Adam/Desktop/491/sdmay26-02/Assets/Scripts/Combat/Actions/Attacks/StrikeWeapon.cs" />
        <File uid="80" fullPath="C:/Users/Adam/Desktop/491/sdmay26-02/Assets/Scripts/Combat/Actions/Attacks/Unarmed.cs" />
        <File uid="81" fullPath="C:/Users/Adam/Desktop/491/sdmay26-02/Assets/Scripts/Combat/Actions/AbilityActions/Rage.cs" />
      </Files>
      <Classes>
        <Class>
          <Summary numSequencePoints="13" visitedSequencePoints="13" numBranchPoints="0" visitedBranchPoints="0" sequenceCoverage="100.0" branchCoverage="0.0" maxCyclomaticComplexity="0" minCyclomaticComplexity="0" maxCrapScore="0" minCrapScore="0" visitedClasses="1" numClasses="1" visitedMethods="1" numMethods="1" />
          <FullName>CameraManager</FullName>
          <Methods>
            <Method visited="true" cyclomaticComplexity="0" nPathComplexity="0" sequenceCoverage="100.0" branchCoverage="0" crapScore="0" isConstructor="true" isStatic="false" isGetter="false" isSetter="false">
              <Summary numSequencePoints="13" visitedSequencePoints="13" numBranchPoints="0" visitedBranchPoints="0" sequenceCoverage="100.0" branchCoverage="0" maxCyclomaticComplexity="0" minCyclomaticComplexity="0" maxCrapScore="0" minCrapScore="0" visitedClasses="0" numClasses="0" visitedMethods="1" numMethods="1" />
              <MetadataToken>100663352</MetadataToken>
              <Name>CameraManager::CameraManager()</Name>
              <FileRef uid="7" />
              <SequencePoints>
                <SequencePoint vc="1" uspid="21268" ordinal="0" offset="0" sl="13" sc="5" el="13" ec="5" bec="0" bev="0" fileid="7" />
                <SequencePoint vc="1" uspid="21269" ordinal="0" offset="11" sl="14" sc="5" el="14" ec="5" bec="0" bev="0" fileid="7" />
                <SequencePoint vc="1" uspid="21270" ordinal="0" offset="22" sl="15" sc="5" el="15" ec="5" bec="0" bev="0" fileid="7" />
                <SequencePoint vc="1" uspid="21271" ordinal="0" offset="33" sl="16" sc="5" el="16" ec="5" bec="0" bev="0" fileid="7" />
                <SequencePoint vc="1" uspid="21272" ordinal="0" offset="44" sl="17" sc="5" el="17" ec="5" bec="0" bev="0" fileid="7" />
                <SequencePoint vc="1" uspid="21273" ordinal="0" offset="55" sl="18" sc="5" el="18" ec="5" bec="0" bev="0" fileid="7" />
                <SequencePoint vc="1" uspid="21274" ordinal="0" offset="66" sl="19" sc="5" el="19" ec="5" bec="0" bev="0" fileid="7" />
                <SequencePoint vc="1" uspid="21275" ordinal="0" offset="77" sl="20" sc="5" el="20" ec="5" bec="0" bev="0" fileid="7" />
                <SequencePoint vc="1" uspid="21276" ordinal="0" offset="84" sl="27" sc="5" el="27" ec="5" bec="0" bev="0" fileid="7" />
                <SequencePoint vc="1" uspid="21277" ordinal="0" offset="95" sl="28" sc="5" el="28" ec="5" bec="0" bev="0" fileid="7" />
                <SequencePoint vc="1" uspid="21278" ordinal="0" offset="106" sl="29" sc="5" el="29" ec="5" bec="0" bev="0" fileid="7" />
                <SequencePoint vc="1" uspid="21279" ordinal="0" offset="117" sl="30" sc="5" el="30" ec="5" bec="0" bev="0" fileid="7" />
                <SequencePoint vc="1" uspid="21280" ordinal="0" offset="128" sl="31" sc="5" el="31" ec="5" bec="0" bev="0" fileid="7" />
              </SequencePoints>
              <BranchPoints />
            </Method>
          </Methods>
        </Class>
        <Class>
          <Summary numSequencePoints="11" visitedSequencePoints="11" numBranchPoints="0" visitedBranchPoints="0" sequenceCoverage="100.0" branchCoverage="0.0" maxCyclomaticComplexity="0" minCyclomaticComplexity="0" maxCrapScore="0" minCrapScore="0" visitedClasses="1" numClasses="1" visitedMethods="1" numMethods="1" />
          <FullName>ActionController</FullName>
          <Methods>
            <Method visited="true" cyclomaticComplexity="0" nPathComplexity="0" sequenceCoverage="100.0" branchCoverage="0" crapScore="0" isConstructor="true" isStatic="false" isGetter="false" isSetter="false">
              <Summary numSequencePoints="11" visitedSequencePoints="11" numBranchPoints="0" visitedBranchPoints="0" sequenceCoverage="100.0" branchCoverage="0" maxCyclomaticComplexity="0" minCyclomaticComplexity="0" maxCrapScore="0" minCrapScore="0" visitedClasses="0" numClasses="0" visitedMethods="1" numMethods="1" />
              <MetadataToken>100663379</MetadataToken>
              <Name>ActionController::ActionController()</Name>
              <FileRef uid="8" />
              <SequencePoints>
                <SequencePoint vc="5" uspid="21354" ordinal="0" offset="0" sl="10" sc="5" el="10" ec="5" bec="0" bev="0" fileid="8" />
                <SequencePoint vc="5" uspid="21355" ordinal="0" offset="11" sl="11" sc="5" el="11" ec="5" bec="0" bev="0" fileid="8" />
                <SequencePoint vc="5" uspid="21356" ordinal="0" offset="22" sl="12" sc="5" el="12" ec="5" bec="0" bev="0" fileid="8" />
                <SequencePoint vc="5" uspid="21357" ordinal="0" offset="33" sl="13" sc="5" el="13" ec="5" bec="0" bev="0" fileid="8" />
                <SequencePoint vc="5" uspid="21358" ordinal="0" offset="40" sl="14" sc="48" el="14" ec="48" bec="0" bev="0" fileid="8" />
                <SequencePoint vc="5" uspid="21359" ordinal="0" offset="47" sl="18" sc="47" el="18" ec="47" bec="0" bev="0" fileid="8" />
                <SequencePoint vc="5" uspid="21360" ordinal="0" offset="54" sl="21" sc="81" el="21" ec="81" bec="0" bev="0" fileid="8" />
                <SequencePoint vc="5" uspid="21361" ordinal="0" offset="65" sl="22" sc="67" el="22" ec="67" bec="0" bev="0" fileid="8" />
                <SequencePoint vc="5" uspid="21362" ordinal="0" offset="76" sl="23" sc="71" el="23" ec="71" bec="0" bev="0" fileid="8" />
                <SequencePoint vc="5" uspid="21363" ordinal="0" offset="87" sl="24" sc="71" el="24" ec="71" bec="0" bev="0" fileid="8" />
                <SequencePoint vc="5" uspid="21364" ordinal="0" offset="98" sl="27" sc="5" el="27" ec="5" bec="0" bev="0" fileid="8" />
              </SequencePoints>
              <BranchPoints />
            </Method>
          </Methods>
        </Class>
        <Class>
          <Summary numSequencePoints="3" visitedSequencePoints="3" numBranchPoints="0" visitedBranchPoints="0" sequenceCoverage="100.0" branchCoverage="0.0" maxCyclomaticComplexity="0" minCyclomaticComplexity="0" maxCrapScore="0" minCrapScore="0" visitedClasses="1" numClasses="1" visitedMethods="1" numMethods="1" />
          <FullName>CombatManager</FullName>
          <Methods>
            <Method visited="true" cyclomaticComplexity="0" nPathComplexity="0" sequenceCoverage="100.0" branchCoverage="0" crapScore="0" isConstructor="true" isStatic="false" isGetter="false" isSetter="false">
              <Summary numSequencePoints="3" visitedSequencePoints="3" numBranchPoints="0" visitedBranchPoints="0" sequenceCoverage="100.0" branchCoverage="0" maxCyclomaticComplexity="0" minCyclomaticComplexity="0" maxCrapScore="0" minCrapScore="0" visitedClasses="0" numClasses="0" visitedMethods="1" numMethods="1" />
              <MetadataToken>100663425</MetadataToken>
              <Name>CombatManager::CombatManager()</Name>
              <FileRef uid="12" />
              <SequencePoints>
                <SequencePoint vc="2" uspid="21680" ordinal="0" offset="0" sl="9" sc="5" el="9" ec="5" bec="0" bev="0" fileid="12" />
                <SequencePoint vc="2" uspid="21681" ordinal="0" offset="11" sl="10" sc="5" el="10" ec="5" bec="0" bev="0" fileid="12" />
                <SequencePoint vc="2" uspid="21682" ordinal="0" offset="22" sl="11" sc="5" el="11" ec="5" bec="0" bev="0" fileid="12" />
              </SequencePoints>
              <BranchPoints />
            </Method>
          </Methods>
        </Class>
        <Class>
          <Summary numSequencePoints="4" visitedSequencePoints="4" numBranchPoints="0" visitedBranchPoints="0" sequenceCoverage="100.0" branchCoverage="0.0" maxCyclomaticComplexity="0" minCyclomaticComplexity="0" maxCrapScore="0" minCrapScore="0" visitedClasses="1" numClasses="1" visitedMethods="1" numMethods="1" />
          <FullName>TeamRules</FullName>
          <Methods>
            <Method visited="true" cyclomaticComplexity="0" nPathComplexity="0" sequenceCoverage="100.0" branchCoverage="0" crapScore="0" isConstructor="true" isStatic="false" isGetter="false" isSetter="false">
              <Summary numSequencePoints="4" visitedSequencePoints="4" numBranchPoints="0" visitedBranchPoints="0" sequenceCoverage="100.0" branchCoverage="0" maxCyclomaticComplexity="0" minCyclomaticComplexity="0" maxCrapScore="0" minCrapScore="0" visitedClasses="0" numClasses="0" visitedMethods="1" numMethods="1" />
              <MetadataToken>100663483</MetadataToken>
              <Name>TeamRules::TeamRules()</Name>
              <FileRef uid="19" />
              <SequencePoints>
                <SequencePoint vc="2" uspid="21975" ordinal="0" offset="0" sl="8" sc="5" el="8" ec="5" bec="0" bev="0" fileid="19" />
                <SequencePoint vc="2" uspid="21976" ordinal="0" offset="11" sl="10" sc="5" el="10" ec="5" bec="0" bev="0" fileid="19" />
                <SequencePoint vc="2" uspid="21977" ordinal="0" offset="22" sl="11" sc="5" el="11" ec="5" bec="0" bev="0" fileid="19" />
                <SequencePoint vc="2" uspid="21978" ordinal="0" offset="33" sl="12" sc="5" el="12" ec="5" bec="0" bev="0" fileid="19" />
              </SequencePoints>
              <BranchPoints />
            </Method>
          </Methods>
        </Class>
        <Class>
          <Summary numSequencePoints="1" visitedSequencePoints="1" numBranchPoints="0" visitedBranchPoints="0" sequenceCoverage="100.0" branchCoverage="0.0" maxCyclomaticComplexity="0" minCyclomaticComplexity="0" maxCrapScore="0" minCrapScore="0" visitedClasses="1" numClasses="1" visitedMethods="1" numMethods="1" />
          <FullName>Conditions</FullName>
          <Methods>
            <Method visited="true" cyclomaticComplexity="0" nPathComplexity="0" sequenceCoverage="100.0" branchCoverage="0" crapScore="0" isConstructor="true" isStatic="false" isGetter="false" isSetter="false">
              <Summary numSequencePoints="1" visitedSequencePoints="1" numBranchPoints="0" visitedBranchPoints="0" sequenceCoverage="100.0" branchCoverage="0" maxCyclomaticComplexity="0" minCyclomaticComplexity="0" maxCrapScore="0" minCrapScore="0" visitedClasses="0" numClasses="0" visitedMethods="1" numMethods="1" />
              <MetadataToken>100663508</MetadataToken>
              <Name>Conditions::Conditions()</Name>
              <FileRef uid="24" />
              <SequencePoints>
                <SequencePoint vc="5" uspid="22072" ordinal="0" offset="0" sl="9" sc="5" el="9" ec="5" bec="0" bev="0" fileid="24" />
              </SequencePoints>
              <BranchPoints />
            </Method>
          </Methods>
        </Class>
        <Class>
          <Summary numSequencePoints="8" visitedSequencePoints="8" numBranchPoints="0" visitedBranchPoints="0" sequenceCoverage="100.0" branchCoverage="0.0" maxCyclomaticComplexity="0" minCyclomaticComplexity="0" maxCrapScore="0" minCrapScore="0" visitedClasses="1" numClasses="1" visitedMethods="2" numMethods="2" />
          <FullName>TokenMeshSelection</FullName>
          <Methods>
            <Method visited="true" cyclomaticComplexity="0" nPathComplexity="0" sequenceCoverage="100.0" branchCoverage="0" crapScore="0" isConstructor="false" isStatic="false" isGetter="false" isSetter="false">
              <Summary numSequencePoints="6" visitedSequencePoints="6" numBranchPoints="0" visitedBranchPoints="0" sequenceCoverage="100.0" branchCoverage="0" maxCyclomaticComplexity="0" minCyclomaticComplexity="0" maxCrapScore="0" minCrapScore="0" visitedClasses="0" numClasses="0" visitedMethods="1" numMethods="1" />
              <MetadataToken>100663576</MetadataToken>
              <Name>System.Void TokenMeshSelection::OnValidate()</Name>
              <FileRef uid="29" />
              <SequencePoints>
                <SequencePoint vc="5" uspid="22240" ordinal="0" offset="0" sl="22" sc="5" el="22" ec="5" bec="0" bev="0" fileid="29" />
                <SequencePoint vc="5" uspid="22241" ordinal="0" offset="1" sl="24" sc="9" el="24" ec="9" bec="0" bev="0" fileid="29" />
                <SequencePoint vc="4" uspid="22242" ordinal="0" offset="24" sl="25" sc="9" el="25" ec="9" bec="0" bev="0" fileid="29" />
                <SequencePoint vc="4" uspid="22243" ordinal="0" offset="25" sl="26" sc="13" el="26" ec="13" bec="0" bev="0" fileid="29" />
                <SequencePoint vc="4" uspid="22244" ordinal="0" offset="57" sl="31" sc="9" el="31" ec="9" bec="0" bev="0" fileid="29" />
                <SequencePoint vc="5" uspid="22245" ordinal="0" offset="58" sl="32" sc="5" el="32" ec="5" bec="0" bev="0" fileid="29" />
              </SequencePoints>
              <BranchPoints />
            </Method>
            <Method visited="true" cyclomaticComplexity="0" nPathComplexity="0" sequenceCoverage="100.0" branchCoverage="0" crapScore="0" isConstructor="true" isStatic="false" isGetter="false" isSetter="false">
              <Summary numSequencePoints="2" visitedSequencePoints="2" numBranchPoints="0" visitedBranchPoints="0" sequenceCoverage="100.0" branchCoverage="0" maxCyclomaticComplexity="0" minCyclomaticComplexity="0" maxCrapScore="0" minCrapScore="0" visitedClasses="0" numClasses="0" visitedMethods="1" numMethods="1" />
              <MetadataToken>100663581</MetadataToken>
              <Name>TokenMeshSelection::TokenMeshSelection()</Name>
              <FileRef uid="29" />
              <SequencePoints>
                <SequencePoint vc="5" uspid="22353" ordinal="0" offset="0" sl="8" sc="5" el="8" ec="5" bec="0" bev="0" fileid="29" />
                <SequencePoint vc="5" uspid="22354" ordinal="0" offset="12" sl="9" sc="5" el="9" ec="5" bec="0" bev="0" fileid="29" />
              </SequencePoints>
              <BranchPoints />
            </Method>
          </Methods>
        </Class>
        <Class>
          <Summary numSequencePoints="1" visitedSequencePoints="1" numBranchPoints="0" visitedBranchPoints="0" sequenceCoverage="100.0" branchCoverage="0.0" maxCyclomaticComplexity="0" minCyclomaticComplexity="0" maxCrapScore="0" minCrapScore="0" visitedClasses="1" numClasses="1" visitedMethods="1" numMethods="1" />
          <FullName>TokenMeshes</FullName>
          <Methods>
            <Method visited="true" cyclomaticComplexity="0" nPathComplexity="0" sequenceCoverage="100.0" branchCoverage="0" crapScore="0" isConstructor="true" isStatic="false" isGetter="false" isSetter="false">
              <Summary numSequencePoints="1" visitedSequencePoints="1" numBranchPoints="0" visitedBranchPoints="0" sequenceCoverage="100.0" branchCoverage="0" maxCyclomaticComplexity="0" minCyclomaticComplexity="0" maxCrapScore="0" minCrapScore="0" visitedClasses="0" numClasses="0" visitedMethods="1" numMethods="1" />
              <MetadataToken>100663583</MetadataToken>
              <Name>TokenMeshes::TokenMeshes()</Name>
              <FileRef uid="29" />
              <SequencePoints>
                <SequencePoint vc="50" uspid="22355" ordinal="0" offset="0" sl="191" sc="5" el="191" ec="5" bec="0" bev="0" fileid="29" />
              </SequencePoints>
              <BranchPoints />
            </Method>
          </Methods>
        </Class>
        <Class>
          <Summary numSequencePoints="1" visitedSequencePoints="1" numBranchPoints="0" visitedBranchPoints="0" sequenceCoverage="100.0" branchCoverage="0.0" maxCyclomaticComplexity="0" minCyclomaticComplexity="0" maxCrapScore="0" minCrapScore="0" visitedClasses="1" numClasses="1" visitedMethods="1" numMethods="1" />
          <FullName>BaseMeshes</FullName>
          <Methods>
            <Method visited="true" cyclomaticComplexity="0" nPathComplexity="0" sequenceCoverage="100.0" branchCoverage="0" crapScore="0" isConstructor="true" isStatic="false" isGetter="false" isSetter="false">
              <Summary numSequencePoints="1" visitedSequencePoints="1" numBranchPoints="0" visitedBranchPoints="0" sequenceCoverage="100.0" branchCoverage="0" maxCyclomaticComplexity="0" minCyclomaticComplexity="0" maxCrapScore="0" minCrapScore="0" visitedClasses="0" numClasses="0" visitedMethods="1" numMethods="1" />
              <MetadataToken>100663584</MetadataToken>
              <Name>BaseMeshes::BaseMeshes()</Name>
              <FileRef uid="29" />
              <SequencePoints>
                <SequencePoint vc="5" uspid="22356" ordinal="0" offset="0" sl="199" sc="5" el="199" ec="5" bec="0" bev="0" fileid="29" />
              </SequencePoints>
              <BranchPoints />
            </Method>
          </Methods>
        </Class>
        <Class>
          <Summary numSequencePoints="74" visitedSequencePoints="72" numBranchPoints="0" visitedBranchPoints="0" sequenceCoverage="97.30" branchCoverage="0.0" maxCyclomaticComplexity="0" minCyclomaticComplexity="0" maxCrapScore="0" minCrapScore="0" visitedClasses="1" numClasses="1" visitedMethods="8" numMethods="8" />
          <FullName>Map</FullName>
          <Methods>
            <Method visited="true" cyclomaticComplexity="0" nPathComplexity="0" sequenceCoverage="100.0" branchCoverage="0" crapScore="0" isConstructor="false" isStatic="false" isGetter="true" isSetter="false">
              <Summary numSequencePoints="1" visitedSequencePoints="1" numBranchPoints="0" visitedBranchPoints="0" sequenceCoverage="100.0" branchCoverage="0" maxCyclomaticComplexity="0" minCyclomaticComplexity="0" maxCrapScore="0" minCrapScore="0" visitedClasses="0" numClasses="0" visitedMethods="1" numMethods="1" />
              <MetadataToken>100663593</MetadataToken>
              <Name>GridPrivate.TileType[,] Map::get_GridData()</Name>
              <FileRef uid="31" />
              <SequencePoints>
                <SequencePoint vc="865" uspid="22377" ordinal="0" offset="0" sl="19" sc="38" el="19" ec="38" bec="0" bev="0" fileid="31" />
              </SequencePoints>
              <BranchPoints />
            </Method>
            <Method visited="true" cyclomaticComplexity="0" nPathComplexity="0" sequenceCoverage="100.0" branchCoverage="0" crapScore="0" isConstructor="false" isStatic="false" isGetter="false" isSetter="true">
              <Summary numSequencePoints="1" visitedSequencePoints="1" numBranchPoints="0" visitedBranchPoints="0" sequenceCoverage="100.0" branchCoverage="0" maxCyclomaticComplexity="0" minCyclomaticComplexity="0" maxCrapScore="0" minCrapScore="0" visitedClasses="0" numClasses="0" visitedMethods="1" numMethods="1" />
              <MetadataToken>100663594</MetadataToken>
              <Name>System.Void Map::set_GridData(GridPrivate.TileType[,])</Name>
              <FileRef uid="31" />
              <SequencePoints>
                <SequencePoint vc="1" uspid="22378" ordinal="0" offset="0" sl="19" sc="43" el="19" ec="43" bec="0" bev="0" fileid="31" />
              </SequencePoints>
              <BranchPoints />
            </Method>
            <Method visited="true" cyclomaticComplexity="0" nPathComplexity="0" sequenceCoverage="100.0" branchCoverage="0" crapScore="0" isConstructor="false" isStatic="false" isGetter="false" isSetter="false">
              <Summary numSequencePoints="5" visitedSequencePoints="5" numBranchPoints="0" visitedBranchPoints="0" sequenceCoverage="100.0" branchCoverage="0" maxCyclomaticComplexity="0" minCyclomaticComplexity="0" maxCrapScore="0" minCrapScore="0" visitedClasses="0" numClasses="0" visitedMethods="1" numMethods="1" />
              <MetadataToken>100663595</MetadataToken>
              <Name>System.Void Map::OnValidate()</Name>
              <FileRef uid="31" />
              <SequencePoints>
                <SequencePoint vc="2" uspid="22379" ordinal="0" offset="0" sl="22" sc="5" el="22" ec="5" bec="0" bev="0" fileid="31" />
                <SequencePoint vc="2" uspid="22380" ordinal="0" offset="1" sl="24" sc="9" el="24" ec="9" bec="0" bev="0" fileid="31" />
                <SequencePoint vc="1" uspid="22381" ordinal="0" offset="11" sl="25" sc="13" el="25" ec="13" bec="0" bev="0" fileid="31" />
                <SequencePoint vc="1" uspid="22382" ordinal="0" offset="13" sl="27" sc="9" el="27" ec="9" bec="0" bev="0" fileid="31" />
                <SequencePoint vc="2" uspid="22383" ordinal="0" offset="45" sl="33" sc="5" el="33" ec="5" bec="0" bev="0" fileid="31" />
              </SequencePoints>
              <BranchPoints />
            </Method>
            <Method visited="true" cyclomaticComplexity="0" nPathComplexity="0" sequenceCoverage="96.97" branchCoverage="0" crapScore="0" isConstructor="false" isStatic="false" isGetter="false" isSetter="false">
              <Summary numSequencePoints="33" visitedSequencePoints="32" numBranchPoints="0" visitedBranchPoints="0" sequenceCoverage="96.97" branchCoverage="0" maxCyclomaticComplexity="0" minCyclomaticComplexity="0" maxCrapScore="0" minCrapScore="0" visitedClasses="0" numClasses="0" visitedMethods="1" numMethods="1" />
              <MetadataToken>100663596</MetadataToken>
              <Name>System.Void Map::Generate()</Name>
              <FileRef uid="31" />
              <SequencePoints>
                <SequencePoint vc="1" uspid="22384" ordinal="0" offset="0" sl="41" sc="5" el="41" ec="5" bec="0" bev="0" fileid="31" />
                <SequencePoint vc="1" uspid="22385" ordinal="0" offset="1" sl="42" sc="9" el="42" ec="9" bec="0" bev="0" fileid="31" />
                <SequencePoint vc="0" uspid="22386" ordinal="0" offset="17" sl="42" sc="31" el="42" ec="31" bec="0" bev="0" fileid="31" />
                <SequencePoint vc="1" uspid="22387" ordinal="0" offset="22" sl="44" sc="9" el="44" ec="9" bec="0" bev="0" fileid="31" />
                <SequencePoint vc="1" uspid="22388" ordinal="0" offset="34" sl="45" sc="9" el="45" ec="9" bec="0" bev="0" fileid="31" />
                <SequencePoint vc="1" uspid="22389" ordinal="0" offset="41" sl="46" sc="9" el="46" ec="9" bec="0" bev="0" fileid="31" />
                <SequencePoint vc="1" uspid="22390" ordinal="0" offset="48" sl="49" sc="14" el="49" ec="14" bec="0" bev="0" fileid="31" />
                <SequencePoint vc="25" uspid="22391" ordinal="0" offset="55" sl="50" sc="9" el="50" ec="9" bec="0" bev="0" fileid="31" />
                <SequencePoint vc="25" uspid="22392" ordinal="0" offset="56" sl="51" sc="18" el="51" ec="18" bec="0" bev="0" fileid="31" />
                <SequencePoint vc="625" uspid="22393" ordinal="0" offset="63" sl="52" sc="13" el="52" ec="13" bec="0" bev="0" fileid="31" />
                <SequencePoint vc="625" uspid="22394" ordinal="0" offset="64" sl="54" sc="17" el="54" ec="17" bec="0" bev="0" fileid="31" />
                <SequencePoint vc="625" uspid="22395" ordinal="0" offset="78" sl="55" sc="17" el="55" ec="17" bec="0" bev="0" fileid="31" />
                <SequencePoint vc="625" uspid="22396" ordinal="0" offset="110" sl="58" sc="17" el="58" ec="17" bec="0" bev="0" fileid="31" />
                <SequencePoint vc="625" uspid="22397" ordinal="0" offset="140" sl="59" sc="17" el="59" ec="17" bec="0" bev="0" fileid="31" />
                <SequencePoint vc="236" uspid="22398" ordinal="0" offset="154" sl="60" sc="17" el="60" ec="17" bec="0" bev="0" fileid="31" />
                <SequencePoint vc="236" uspid="22399" ordinal="0" offset="155" sl="61" sc="21" el="61" ec="21" bec="0" bev="0" fileid="31" />
                <SequencePoint vc="236" uspid="22400" ordinal="0" offset="169" sl="62" sc="21" el="62" ec="21" bec="0" bev="0" fileid="31" />
                <SequencePoint vc="236" uspid="22401" ordinal="0" offset="184" sl="63" sc="21" el="63" ec="21" bec="0" bev="0" fileid="31" />
                <SequencePoint vc="236" uspid="22402" ordinal="0" offset="209" sl="64" sc="21" el="64" ec="21" bec="0" bev="0" fileid="31" />
                <SequencePoint vc="236" uspid="22403" ordinal="0" offset="228" sl="65" sc="21" el="65" ec="21" bec="0" bev="0" fileid="31" />
                <SequencePoint vc="236" uspid="22404" ordinal="0" offset="265" sl="66" sc="17" el="66" ec="17" bec="0" bev="0" fileid="31" />
                <SequencePoint vc="625" uspid="22405" ordinal="0" offset="266" sl="68" sc="17" el="68" ec="17" bec="0" bev="0" fileid="31" />
                <SequencePoint vc="625" uspid="22406" ordinal="0" offset="279" sl="69" sc="17" el="69" ec="17" bec="0" bev="0" fileid="31" />
                <SequencePoint vc="625" uspid="22407" ordinal="0" offset="280" sl="70" sc="21" el="70" ec="21" bec="0" bev="0" fileid="31" />
                <SequencePoint vc="625" uspid="22408" ordinal="0" offset="290" sl="71" sc="21" el="71" ec="21" bec="0" bev="0" fileid="31" />
                <SequencePoint vc="625" uspid="22409" ordinal="0" offset="305" sl="72" sc="17" el="72" ec="17" bec="0" bev="0" fileid="31" />
                <SequencePoint vc="625" uspid="22410" ordinal="0" offset="306" sl="73" sc="13" el="73" ec="13" bec="0" bev="0" fileid="31" />
                <SequencePoint vc="625" uspid="22411" ordinal="0" offset="307" sl="51" sc="50" el="51" ec="50" bec="0" bev="0" fileid="31" />
                <SequencePoint vc="650" uspid="22412" ordinal="0" offset="311" sl="51" sc="29" el="51" ec="29" bec="0" bev="0" fileid="31" />
                <SequencePoint vc="25" uspid="22413" ordinal="0" offset="334" sl="74" sc="9" el="74" ec="9" bec="0" bev="0" fileid="31" />
                <SequencePoint vc="25" uspid="22414" ordinal="0" offset="335" sl="49" sc="45" el="49" ec="45" bec="0" bev="0" fileid="31" />
                <SequencePoint vc="26" uspid="22415" ordinal="0" offset="339" sl="49" sc="25" el="49" ec="25" bec="0" bev="0" fileid="31" />
                <SequencePoint vc="1" uspid="22416" ordinal="0" offset="362" sl="75" sc="5" el="75" ec="5" bec="0" bev="0" fileid="31" />
              </SequencePoints>
              <BranchPoints />
            </Method>
            <Method visited="true" cyclomaticComplexity="0" nPathComplexity="0" sequenceCoverage="95.00" branchCoverage="0" crapScore="0" isConstructor="false" isStatic="false" isGetter="false" isSetter="false">
              <Summary numSequencePoints="20" visitedSequencePoints="19" numBranchPoints="0" visitedBranchPoints="0" sequenceCoverage="95.00" branchCoverage="0" maxCyclomaticComplexity="0" minCyclomaticComplexity="0" maxCrapScore="0" minCrapScore="0" visitedClasses="0" numClasses="0" visitedMethods="1" numMethods="1" />
              <MetadataToken>100663597</MetadataToken>
              <Name>GridPrivate.TileType[,] Map::GetMapData()</Name>
              <FileRef uid="31" />
              <SequencePoints>
                <SequencePoint vc="2" uspid="22417" ordinal="0" offset="0" sl="78" sc="5" el="78" ec="5" bec="0" bev="0" fileid="31" />
                <SequencePoint vc="2" uspid="22418" ordinal="0" offset="1" sl="79" sc="9" el="79" ec="9" bec="0" bev="0" fileid="31" />
                <SequencePoint vc="1" uspid="22419" ordinal="0" offset="14" sl="80" sc="13" el="80" ec="13" bec="0" bev="0" fileid="31" />
                <SequencePoint vc="1" uspid="22420" ordinal="0" offset="26" sl="81" sc="9" el="81" ec="9" bec="0" bev="0" fileid="31" />
                <SequencePoint vc="0" uspid="22421" ordinal="0" offset="42" sl="82" sc="13" el="82" ec="13" bec="0" bev="0" fileid="31" />
                <SequencePoint vc="1" uspid="22422" ordinal="0" offset="49" sl="84" sc="9" el="84" ec="9" bec="0" bev="0" fileid="31" />
                <SequencePoint vc="1" uspid="22423" ordinal="0" offset="83" sl="86" sc="14" el="86" ec="14" bec="0" bev="0" fileid="31" />
                <SequencePoint vc="25" uspid="22424" ordinal="0" offset="87" sl="87" sc="9" el="87" ec="9" bec="0" bev="0" fileid="31" />
                <SequencePoint vc="25" uspid="22425" ordinal="0" offset="88" sl="88" sc="18" el="88" ec="18" bec="0" bev="0" fileid="31" />
                <SequencePoint vc="625" uspid="22426" ordinal="0" offset="93" sl="89" sc="13" el="89" ec="13" bec="0" bev="0" fileid="31" />
                <SequencePoint vc="625" uspid="22427" ordinal="0" offset="94" sl="91" sc="17" el="91" ec="17" bec="0" bev="0" fileid="31" />
                <SequencePoint vc="625" uspid="22428" ordinal="0" offset="110" sl="92" sc="17" el="92" ec="17" bec="0" bev="0" fileid="31" />
                <SequencePoint vc="625" uspid="22429" ordinal="0" offset="142" sl="93" sc="13" el="93" ec="13" bec="0" bev="0" fileid="31" />
                <SequencePoint vc="625" uspid="22430" ordinal="0" offset="143" sl="88" sc="50" el="88" ec="50" bec="0" bev="0" fileid="31" />
                <SequencePoint vc="650" uspid="22431" ordinal="0" offset="149" sl="88" sc="29" el="88" ec="29" bec="0" bev="0" fileid="31" />
                <SequencePoint vc="25" uspid="22432" ordinal="0" offset="170" sl="94" sc="9" el="94" ec="9" bec="0" bev="0" fileid="31" />
                <SequencePoint vc="25" uspid="22433" ordinal="0" offset="171" sl="86" sc="45" el="86" ec="45" bec="0" bev="0" fileid="31" />
                <SequencePoint vc="26" uspid="22434" ordinal="0" offset="175" sl="86" sc="25" el="86" ec="25" bec="0" bev="0" fileid="31" />
                <SequencePoint vc="1" uspid="22435" ordinal="0" offset="195" sl="96" sc="9" el="96" ec="9" bec="0" bev="0" fileid="31" />
                <SequencePoint vc="2" uspid="22436" ordinal="0" offset="204" sl="97" sc="5" el="97" ec="5" bec="0" bev="0" fileid="31" />
              </SequencePoints>
              <BranchPoints />
            </Method>
            <Method visited="true" cyclomaticComplexity="0" nPathComplexity="0" sequenceCoverage="100.0" branchCoverage="0" crapScore="0" isConstructor="false" isStatic="false" isGetter="false" isSetter="false">
              <Summary numSequencePoints="6" visitedSequencePoints="6" numBranchPoints="0" visitedBranchPoints="0" sequenceCoverage="100.0" branchCoverage="0" maxCyclomaticComplexity="0" minCyclomaticComplexity="0" maxCrapScore="0" minCrapScore="0" visitedClasses="0" numClasses="0" visitedMethods="1" numMethods="1" />
              <MetadataToken>100663598</MetadataToken>
              <Name>System.Void Map::ClearChildren()</Name>
              <FileRef uid="31" />
              <SequencePoints>
                <SequencePoint vc="1" uspid="22437" ordinal="0" offset="0" sl="104" sc="5" el="104" ec="5" bec="0" bev="0" fileid="31" />
                <SequencePoint vc="785" uspid="22438" ordinal="0" offset="3" sl="106" sc="9" el="106" ec="9" bec="0" bev="0" fileid="31" />
                <SequencePoint vc="785" uspid="22439" ordinal="0" offset="4" sl="108" sc="13" el="108" ec="13" bec="0" bev="0" fileid="31" />
                <SequencePoint vc="785" uspid="22440" ordinal="0" offset="27" sl="112" sc="9" el="112" ec="9" bec="0" bev="0" fileid="31" />
                <SequencePoint vc="786" uspid="22441" ordinal="0" offset="28" sl="105" sc="9" el="105" ec="9" bec="0" bev="0" fileid="31" />
                <SequencePoint vc="1" uspid="22442" ordinal="0" offset="46" sl="113" sc="5" el="113" ec="5" bec="0" bev="0" fileid="31" />
              </SequencePoints>
              <BranchPoints />
            </Method>
            <Method visited="true" cyclomaticComplexity="0" nPathComplexity="0" sequenceCoverage="100.0" branchCoverage="0" crapScore="0" isConstructor="false" isStatic="false" isGetter="false" isSetter="false">
              <Summary numSequencePoints="7" visitedSequencePoints="7" numBranchPoints="0" visitedBranchPoints="0" sequenceCoverage="100.0" branchCoverage="0" maxCyclomaticComplexity="0" minCyclomaticComplexity="0" maxCrapScore="0" minCrapScore="0" visitedClasses="0" numClasses="0" visitedMethods="1" numMethods="1" />
              <MetadataToken>100663599</MetadataToken>
              <Name>UnityEngine.GameObject Map::Quad(UnityEngine.Vector3)</Name>
              <FileRef uid="31" />
              <SequencePoints>
                <SequencePoint vc="625" uspid="22443" ordinal="0" offset="0" sl="121" sc="5" el="121" ec="5" bec="0" bev="0" fileid="31" />
                <SequencePoint vc="625" uspid="22444" ordinal="0" offset="1" sl="122" sc="9" el="122" ec="9" bec="0" bev="0" fileid="31" />
                <SequencePoint vc="625" uspid="22445" ordinal="0" offset="8" sl="123" sc="9" el="123" ec="9" bec="0" bev="0" fileid="31" />
                <SequencePoint vc="625" uspid="22446" ordinal="0" offset="21" sl="124" sc="9" el="124" ec="9" bec="0" bev="0" fileid="31" />
                <SequencePoint vc="625" uspid="22447" ordinal="0" offset="53" sl="125" sc="9" el="125" ec="9" bec="0" bev="0" fileid="31" />
                <SequencePoint vc="625" uspid="22448" ordinal="0" offset="71" sl="126" sc="9" el="126" ec="9" bec="0" bev="0" fileid="31" />
                <SequencePoint vc="625" uspid="22449" ordinal="0" offset="75" sl="127" sc="5" el="127" ec="5" bec="0" bev="0" fileid="31" />
              </SequencePoints>
              <BranchPoints />
            </Method>
            <Method visited="true" cyclomaticComplexity="0" nPathComplexity="0" sequenceCoverage="100.0" branchCoverage="0" crapScore="0" isConstructor="true" isStatic="false" isGetter="false" isSetter="false">
              <Summary numSequencePoints="1" visitedSequencePoints="1" numBranchPoints="0" visitedBranchPoints="0" sequenceCoverage="100.0" branchCoverage="0" maxCyclomaticComplexity="0" minCyclomaticComplexity="0" maxCrapScore="0" minCrapScore="0" visitedClasses="0" numClasses="0" visitedMethods="1" numMethods="1" />
              <MetadataToken>100663600</MetadataToken>
              <Name>Map::Map()</Name>
              <FileRef uid="31" />
              <SequencePoints>
                <SequencePoint vc="2" uspid="22454" ordinal="0" offset="0" sl="12" sc="5" el="12" ec="5" bec="0" bev="0" fileid="31" />
              </SequencePoints>
              <BranchPoints />
            </Method>
          </Methods>
        </Class>
        <Class>
          <Summary numSequencePoints="3" visitedSequencePoints="0" numBranchPoints="0" visitedBranchPoints="0" sequenceCoverage="0.0" branchCoverage="0.0" maxCyclomaticComplexity="0" minCyclomaticComplexity="0" maxCrapScore="0" minCrapScore="0" visitedClasses="0" numClasses="1" visitedMethods="0" numMethods="1" />
          <FullName>CoroutineRunner</FullName>
          <Methods>
            <Method visited="false" cyclomaticComplexity="0" nPathComplexity="0" sequenceCoverage="0.0" branchCoverage="0" crapScore="0" isConstructor="false" isStatic="true" isGetter="false" isSetter="false">
              <Summary numSequencePoints="3" visitedSequencePoints="0" numBranchPoints="0" visitedBranchPoints="0" sequenceCoverage="0.0" branchCoverage="0" maxCyclomaticComplexity="0" minCyclomaticComplexity="0" maxCrapScore="0" minCrapScore="0" visitedClasses="0" numClasses="0" visitedMethods="0" numMethods="1" />
              <MetadataToken>100663641</MetadataToken>
              <Name>static UnityEngine.Coroutine CoroutineRunner::Run[T](System.Func[T,IEnumerator], T)</Name>
              <FileRef uid="35" />
              <SequencePoints>
                <SequencePoint vc="0" uspid="22585" ordinal="0" offset="0" sl="17" sc="0" el="17" ec="0" bec="0" bev="0" fileid="35" />
                <SequencePoint vc="0" uspid="22586" ordinal="0" offset="1" sl="18" sc="0" el="18" ec="0" bec="0" bev="0" fileid="35" />
                <SequencePoint vc="0" uspid="22587" ordinal="0" offset="21" sl="19" sc="0" el="19" ec="0" bec="0" bev="0" fileid="35" />
              </SequencePoints>
              <BranchPoints />
            </Method>
          </Methods>
        </Class>
        <Class>
          <Summary numSequencePoints="10" visitedSequencePoints="0" numBranchPoints="0" visitedBranchPoints="0" sequenceCoverage="0.0" branchCoverage="0.0" maxCyclomaticComplexity="0" minCyclomaticComplexity="0" maxCrapScore="0" minCrapScore="0" visitedClasses="0" numClasses="1" visitedMethods="0" numMethods="4" />
          <FullName>EventCoroutine[T]</FullName>
          <Methods>
            <Method visited="false" cyclomaticComplexity="0" nPathComplexity="0" sequenceCoverage="0.0" branchCoverage="0" crapScore="0" isConstructor="false" isStatic="false" isGetter="false" isSetter="false">
              <Summary numSequencePoints="3" visitedSequencePoints="0" numBranchPoints="0" visitedBranchPoints="0" sequenceCoverage="0.0" branchCoverage="0" maxCyclomaticComplexity="0" minCyclomaticComplexity="0" maxCrapScore="0" minCrapScore="0" visitedClasses="0" numClasses="0" visitedMethods="0" numMethods="1" />
              <MetadataToken>100663648</MetadataToken>
              <Name>System.Void EventCoroutine[T]::AddListener(.Listener)</Name>
              <FileRef uid="37" />
              <SequencePoints>
                <SequencePoint vc="0" uspid="22591" ordinal="0" offset="0" sl="23" sc="0" el="23" ec="0" bec="0" bev="0" fileid="37" />
                <SequencePoint vc="0" uspid="22592" ordinal="0" offset="1" sl="23" sc="0" el="23" ec="0" bec="0" bev="0" fileid="37" />
                <SequencePoint vc="0" uspid="22593" ordinal="0" offset="14" sl="23" sc="0" el="23" ec="0" bec="0" bev="0" fileid="37" />
              </SequencePoints>
              <BranchPoints />
            </Method>
            <Method visited="false" cyclomaticComplexity="0" nPathComplexity="0" sequenceCoverage="0.0" branchCoverage="0" crapScore="0" isConstructor="false" isStatic="false" isGetter="false" isSetter="false">
              <Summary numSequencePoints="3" visitedSequencePoints="0" numBranchPoints="0" visitedBranchPoints="0" sequenceCoverage="0.0" branchCoverage="0" maxCyclomaticComplexity="0" minCyclomaticComplexity="0" maxCrapScore="0" minCrapScore="0" visitedClasses="0" numClasses="0" visitedMethods="0" numMethods="1" />
              <MetadataToken>100663649</MetadataToken>
              <Name>System.Void EventCoroutine[T]::RemoveListener(.Listener)</Name>
              <FileRef uid="37" />
              <SequencePoints>
                <SequencePoint vc="0" uspid="22594" ordinal="0" offset="0" sl="29" sc="0" el="29" ec="0" bec="0" bev="0" fileid="37" />
                <SequencePoint vc="0" uspid="22595" ordinal="0" offset="1" sl="29" sc="0" el="29" ec="0" bec="0" bev="0" fileid="37" />
                <SequencePoint vc="0" uspid="22596" ordinal="0" offset="14" sl="29" sc="0" el="29" ec="0" bec="0" bev="0" fileid="37" />
              </SequencePoints>
              <BranchPoints />
            </Method>
            <Method visited="false" cyclomaticComplexity="0" nPathComplexity="0" sequenceCoverage="0.0" branchCoverage="0" crapScore="0" isConstructor="false" isStatic="false" isGetter="false" isSetter="false">
              <Summary numSequencePoints="3" visitedSequencePoints="0" numBranchPoints="0" visitedBranchPoints="0" sequenceCoverage="0.0" branchCoverage="0" maxCyclomaticComplexity="0" minCyclomaticComplexity="0" maxCrapScore="0" minCrapScore="0" visitedClasses="0" numClasses="0" visitedMethods="0" numMethods="1" />
              <MetadataToken>100663650</MetadataToken>
              <Name>System.Void EventCoroutine[T]::RemoveAllListeners()</Name>
              <FileRef uid="37" />
              <SequencePoints>
                <SequencePoint vc="0" uspid="22597" ordinal="0" offset="0" sl="34" sc="0" el="34" ec="0" bec="0" bev="0" fileid="37" />
                <SequencePoint vc="0" uspid="22598" ordinal="0" offset="1" sl="34" sc="0" el="34" ec="0" bec="0" bev="0" fileid="37" />
                <SequencePoint vc="0" uspid="22599" ordinal="0" offset="13" sl="34" sc="0" el="34" ec="0" bec="0" bev="0" fileid="37" />
              </SequencePoints>
              <BranchPoints />
            </Method>
            <Method visited="false" cyclomaticComplexity="0" nPathComplexity="0" sequenceCoverage="0.0" branchCoverage="0" crapScore="0" isConstructor="true" isStatic="false" isGetter="false" isSetter="false">
              <Summary numSequencePoints="1" visitedSequencePoints="0" numBranchPoints="0" visitedBranchPoints="0" sequenceCoverage="0.0" branchCoverage="0" maxCyclomaticComplexity="0" minCyclomaticComplexity="0" maxCrapScore="0" minCrapScore="0" visitedClasses="0" numClasses="0" visitedMethods="0" numMethods="1" />
              <MetadataToken>100663652</MetadataToken>
              <Name>EventCoroutine[T]::EventCoroutine()</Name>
              <FileRef uid="37" />
              <SequencePoints>
                <SequencePoint vc="0" uspid="22600" ordinal="0" offset="0" sl="17" sc="0" el="17" ec="0" bec="0" bev="0" fileid="37" />
              </SequencePoints>
              <BranchPoints />
            </Method>
          </Methods>
        </Class>
        <Class>
          <Summary numSequencePoints="25" visitedSequencePoints="2" numBranchPoints="0" visitedBranchPoints="0" sequenceCoverage="8.00" branchCoverage="0.0" maxCyclomaticComplexity="0" minCyclomaticComplexity="0" maxCrapScore="0" minCrapScore="0" visitedClasses="1" numClasses="1" visitedMethods="2" numMethods="8" />
          <FullName>FiniteStateMachine[T]</FullName>
          <Methods>
            <Method visited="false" cyclomaticComplexity="0" nPathComplexity="0" sequenceCoverage="0.0" branchCoverage="0" crapScore="0" isConstructor="false" isStatic="false" isGetter="true" isSetter="false">
              <Summary numSequencePoints="1" visitedSequencePoints="0" numBranchPoints="0" visitedBranchPoints="0" sequenceCoverage="0.0" branchCoverage="0" maxCyclomaticComplexity="0" minCyclomaticComplexity="0" maxCrapScore="0" minCrapScore="0" visitedClasses="0" numClasses="0" visitedMethods="0" numMethods="1" />
              <MetadataToken>100663658</MetadataToken>
              <Name>T FiniteStateMachine[T]::get_CurrentState()</Name>
              <FileRef uid="38" />
              <SequencePoints>
                <SequencePoint vc="0" uspid="22611" ordinal="0" offset="0" sl="7" sc="0" el="7" ec="0" bec="0" bev="0" fileid="38" />
              </SequencePoints>
              <BranchPoints />
            </Method>
            <Method visited="true" cyclomaticComplexity="0" nPathComplexity="0" sequenceCoverage="100.0" branchCoverage="0" crapScore="0" isConstructor="false" isStatic="false" isGetter="false" isSetter="true">
              <Summary numSequencePoints="1" visitedSequencePoints="1" numBranchPoints="0" visitedBranchPoints="0" sequenceCoverage="100.0" branchCoverage="0" maxCyclomaticComplexity="0" minCyclomaticComplexity="0" maxCrapScore="0" minCrapScore="0" visitedClasses="0" numClasses="0" visitedMethods="1" numMethods="1" />
              <MetadataToken>100663659</MetadataToken>
              <Name>System.Void FiniteStateMachine[T]::set_CurrentState(T)</Name>
              <FileRef uid="38" />
              <SequencePoints>
                <SequencePoint vc="2" uspid="22612" ordinal="0" offset="0" sl="7" sc="0" el="7" ec="0" bec="0" bev="0" fileid="38" />
              </SequencePoints>
              <BranchPoints />
            </Method>
            <Method visited="false" cyclomaticComplexity="0" nPathComplexity="0" sequenceCoverage="0.0" branchCoverage="0" crapScore="0" isConstructor="false" isStatic="false" isGetter="true" isSetter="false">
              <Summary numSequencePoints="1" visitedSequencePoints="0" numBranchPoints="0" visitedBranchPoints="0" sequenceCoverage="0.0" branchCoverage="0" maxCyclomaticComplexity="0" minCyclomaticComplexity="0" maxCrapScore="0" minCrapScore="0" visitedClasses="0" numClasses="0" visitedMethods="0" numMethods="1" />
              <MetadataToken>100663660</MetadataToken>
              <Name>System.Boolean FiniteStateMachine[T]::get_IsInTransition()</Name>
              <FileRef uid="38" />
              <SequencePoints>
                <SequencePoint vc="0" uspid="22613" ordinal="0" offset="0" sl="10" sc="0" el="10" ec="0" bec="0" bev="0" fileid="38" />
              </SequencePoints>
              <BranchPoints />
            </Method>
            <Method visited="false" cyclomaticComplexity="0" nPathComplexity="0" sequenceCoverage="0.0" branchCoverage="0" crapScore="0" isConstructor="false" isStatic="false" isGetter="false" isSetter="true">
              <Summary numSequencePoints="1" visitedSequencePoints="0" numBranchPoints="0" visitedBranchPoints="0" sequenceCoverage="0.0" branchCoverage="0" maxCyclomaticComplexity="0" minCyclomaticComplexity="0" maxCrapScore="0" minCrapScore="0" visitedClasses="0" numClasses="0" visitedMethods="0" numMethods="1" />
              <MetadataToken>100663661</MetadataToken>
              <Name>System.Void FiniteStateMachine[T]::set_IsInTransition(System.Boolean)</Name>
              <FileRef uid="38" />
              <SequencePoints>
                <SequencePoint vc="0" uspid="22614" ordinal="0" offset="0" sl="10" sc="0" el="10" ec="0" bec="0" bev="0" fileid="38" />
              </SequencePoints>
              <BranchPoints />
            </Method>
            <Method visited="false" cyclomaticComplexity="0" nPathComplexity="0" sequenceCoverage="0.0" branchCoverage="0" crapScore="0" isConstructor="false" isStatic="false" isGetter="false" isSetter="false">
              <Summary numSequencePoints="6" visitedSequencePoints="0" numBranchPoints="0" visitedBranchPoints="0" sequenceCoverage="0.0" branchCoverage="0" maxCyclomaticComplexity="0" minCyclomaticComplexity="0" maxCrapScore="0" minCrapScore="0" visitedClasses="0" numClasses="0" visitedMethods="0" numMethods="1" />
              <MetadataToken>100663662</MetadataToken>
              <Name>System.Boolean FiniteStateMachine[T]::ChangeState(T)</Name>
              <FileRef uid="38" />
              <SequencePoints>
                <SequencePoint vc="0" uspid="22615" ordinal="0" offset="0" sl="15" sc="0" el="15" ec="0" bec="0" bev="0" fileid="38" />
                <SequencePoint vc="0" uspid="22616" ordinal="0" offset="1" sl="16" sc="0" el="16" ec="0" bec="0" bev="0" fileid="38" />
                <SequencePoint vc="0" uspid="22617" ordinal="0" offset="11" sl="17" sc="0" el="17" ec="0" bec="0" bev="0" fileid="38" />
                <SequencePoint vc="0" uspid="22618" ordinal="0" offset="15" sl="19" sc="0" el="19" ec="0" bec="0" bev="0" fileid="38" />
                <SequencePoint vc="0" uspid="22619" ordinal="0" offset="23" sl="20" sc="0" el="20" ec="0" bec="0" bev="0" fileid="38" />
                <SequencePoint vc="0" uspid="22620" ordinal="0" offset="27" sl="21" sc="0" el="21" ec="0" bec="0" bev="0" fileid="38" />
              </SequencePoints>
              <BranchPoints />
            </Method>
            <Method visited="false" cyclomaticComplexity="0" nPathComplexity="0" sequenceCoverage="0.0" branchCoverage="0" crapScore="0" isConstructor="false" isStatic="false" isGetter="false" isSetter="false">
              <Summary numSequencePoints="10" visitedSequencePoints="0" numBranchPoints="0" visitedBranchPoints="0" sequenceCoverage="0.0" branchCoverage="0" maxCyclomaticComplexity="0" minCyclomaticComplexity="0" maxCrapScore="0" minCrapScore="0" visitedClasses="0" numClasses="0" visitedMethods="0" numMethods="1" />
              <MetadataToken>100663663</MetadataToken>
              <Name>System.Void FiniteStateMachine[T]::StateTransition(T)</Name>
              <FileRef uid="38" />
              <SequencePoints>
                <SequencePoint vc="0" uspid="22621" ordinal="0" offset="0" sl="24" sc="0" el="24" ec="0" bec="0" bev="0" fileid="38" />
                <SequencePoint vc="0" uspid="22622" ordinal="0" offset="1" sl="25" sc="0" el="25" ec="0" bec="0" bev="0" fileid="38" />
                <SequencePoint vc="0" uspid="22623" ordinal="0" offset="9" sl="26" sc="0" el="26" ec="0" bec="0" bev="0" fileid="38" />
                <SequencePoint vc="0" uspid="22624" ordinal="0" offset="27" sl="26" sc="0" el="26" ec="0" bec="0" bev="0" fileid="38" />
                <SequencePoint vc="0" uspid="22625" ordinal="0" offset="48" sl="29" sc="0" el="29" ec="0" bec="0" bev="0" fileid="38" />
                <SequencePoint vc="0" uspid="22626" ordinal="0" offset="60" sl="30" sc="0" el="30" ec="0" bec="0" bev="0" fileid="38" />
                <SequencePoint vc="0" uspid="22627" ordinal="0" offset="68" sl="32" sc="0" el="32" ec="0" bec="0" bev="0" fileid="38" />
                <SequencePoint vc="0" uspid="22628" ordinal="0" offset="86" sl="32" sc="0" el="32" ec="0" bec="0" bev="0" fileid="38" />
                <SequencePoint vc="0" uspid="22629" ordinal="0" offset="108" sl="34" sc="0" el="34" ec="0" bec="0" bev="0" fileid="38" />
                <SequencePoint vc="0" uspid="22630" ordinal="0" offset="116" sl="36" sc="0" el="36" ec="0" bec="0" bev="0" fileid="38" />
              </SequencePoints>
              <BranchPoints />
            </Method>
            <Method visited="false" cyclomaticComplexity="0" nPathComplexity="0" sequenceCoverage="0.0" branchCoverage="0" crapScore="0" isConstructor="false" isStatic="false" isGetter="false" isSetter="false">
              <Summary numSequencePoints="4" visitedSequencePoints="0" numBranchPoints="0" visitedBranchPoints="0" sequenceCoverage="0.0" branchCoverage="0" maxCyclomaticComplexity="0" minCyclomaticComplexity="0" maxCrapScore="0" minCrapScore="0" visitedClasses="0" numClasses="0" visitedMethods="0" numMethods="1" />
              <MetadataToken>100663664</MetadataToken>
              <Name>System.Void FiniteStateMachine[T]::RevertState()</Name>
              <FileRef uid="38" />
              <SequencePoints>
                <SequencePoint vc="0" uspid="22631" ordinal="0" offset="0" sl="39" sc="0" el="39" ec="0" bec="0" bev="0" fileid="38" />
                <SequencePoint vc="0" uspid="22632" ordinal="0" offset="1" sl="40" sc="0" el="40" ec="0" bec="0" bev="0" fileid="38" />
                <SequencePoint vc="0" uspid="22633" ordinal="0" offset="19" sl="40" sc="0" el="40" ec="0" bec="0" bev="0" fileid="38" />
                <SequencePoint vc="0" uspid="22634" ordinal="0" offset="32" sl="42" sc="0" el="42" ec="0" bec="0" bev="0" fileid="38" />
              </SequencePoints>
              <BranchPoints />
            </Method>
            <Method visited="true" cyclomaticComplexity="0" nPathComplexity="0" sequenceCoverage="100.0" branchCoverage="0" crapScore="0" isConstructor="true" isStatic="false" isGetter="false" isSetter="false">
              <Summary numSequencePoints="1" visitedSequencePoints="1" numBranchPoints="0" visitedBranchPoints="0" sequenceCoverage="100.0" branchCoverage="0" maxCyclomaticComplexity="0" minCyclomaticComplexity="0" maxCrapScore="0" minCrapScore="0" visitedClasses="0" numClasses="0" visitedMethods="1" numMethods="1" />
              <MetadataToken>100663665</MetadataToken>
              <Name>FiniteStateMachine[T]::FiniteStateMachine()</Name>
              <FileRef uid="38" />
              <SequencePoints>
                <SequencePoint vc="2" uspid="22635" ordinal="0" offset="0" sl="10" sc="0" el="10" ec="0" bec="0" bev="0" fileid="38" />
              </SequencePoints>
              <BranchPoints />
            </Method>
          </Methods>
        </Class>
        <Class>
          <Summary numSequencePoints="80" visitedSequencePoints="0" numBranchPoints="0" visitedBranchPoints="0" sequenceCoverage="0.0" branchCoverage="0.0" maxCyclomaticComplexity="0" minCyclomaticComplexity="0" maxCrapScore="0" minCrapScore="0" visitedClasses="0" numClasses="1" visitedMethods="0" numMethods="9" />
          <FullName>Heap[T]</FullName>
          <Methods>
            <Method visited="false" cyclomaticComplexity="0" nPathComplexity="0" sequenceCoverage="0.0" branchCoverage="0" crapScore="0" isConstructor="false" isStatic="false" isGetter="false" isSetter="false">
              <Summary numSequencePoints="3" visitedSequencePoints="0" numBranchPoints="0" visitedBranchPoints="0" sequenceCoverage="0.0" branchCoverage="0" maxCyclomaticComplexity="0" minCyclomaticComplexity="0" maxCrapScore="0" minCrapScore="0" visitedClasses="0" numClasses="0" visitedMethods="0" numMethods="1" />
              <MetadataToken>100663673</MetadataToken>
              <Name>System.Int32 Heap[T]::Count()</Name>
              <FileRef uid="40" />
              <SequencePoints>
                <SequencePoint vc="0" uspid="22703" ordinal="0" offset="0" sl="21" sc="0" el="21" ec="0" bec="0" bev="0" fileid="40" />
                <SequencePoint vc="0" uspid="22704" ordinal="0" offset="1" sl="22" sc="0" el="22" ec="0" bec="0" bev="0" fileid="40" />
                <SequencePoint vc="0" uspid="22705" ordinal="0" offset="15" sl="23" sc="0" el="23" ec="0" bec="0" bev="0" fileid="40" />
              </SequencePoints>
              <BranchPoints />
            </Method>
            <Method visited="false" cyclomaticComplexity="0" nPathComplexity="0" sequenceCoverage="0.0" branchCoverage="0" crapScore="0" isConstructor="false" isStatic="false" isGetter="false" isSetter="false">
              <Summary numSequencePoints="3" visitedSequencePoints="0" numBranchPoints="0" visitedBranchPoints="0" sequenceCoverage="0.0" branchCoverage="0" maxCyclomaticComplexity="0" minCyclomaticComplexity="0" maxCrapScore="0" minCrapScore="0" visitedClasses="0" numClasses="0" visitedMethods="0" numMethods="1" />
              <MetadataToken>100663674</MetadataToken>
              <Name>System.Void Heap[T]::Clear()</Name>
              <FileRef uid="40" />
              <SequencePoints>
                <SequencePoint vc="0" uspid="22706" ordinal="0" offset="0" sl="29" sc="0" el="29" ec="0" bec="0" bev="0" fileid="40" />
                <SequencePoint vc="0" uspid="22707" ordinal="0" offset="1" sl="30" sc="0" el="30" ec="0" bec="0" bev="0" fileid="40" />
                <SequencePoint vc="0" uspid="22708" ordinal="0" offset="13" sl="31" sc="0" el="31" ec="0" bec="0" bev="0" fileid="40" />
              </SequencePoints>
              <BranchPoints />
            </Method>
            <Method visited="false" cyclomaticComplexity="0" nPathComplexity="0" sequenceCoverage="0.0" branchCoverage="0" crapScore="0" isConstructor="false" isStatic="false" isGetter="false" isSetter="false">
              <Summary numSequencePoints="4" visitedSequencePoints="0" numBranchPoints="0" visitedBranchPoints="0" sequenceCoverage="0.0" branchCoverage="0" maxCyclomaticComplexity="0" minCyclomaticComplexity="0" maxCrapScore="0" minCrapScore="0" visitedClasses="0" numClasses="0" visitedMethods="0" numMethods="1" />
              <MetadataToken>100663675</MetadataToken>
              <Name>System.Void Heap[T]::Push(T)</Name>
              <FileRef uid="40" />
              <SequencePoints>
                <SequencePoint vc="0" uspid="22709" ordinal="0" offset="0" sl="37" sc="0" el="37" ec="0" bec="0" bev="0" fileid="40" />
                <SequencePoint vc="0" uspid="22710" ordinal="0" offset="1" sl="38" sc="0" el="38" ec="0" bec="0" bev="0" fileid="40" />
                <SequencePoint vc="0" uspid="22711" ordinal="0" offset="14" sl="39" sc="0" el="39" ec="0" bec="0" bev="0" fileid="40" />
                <SequencePoint vc="0" uspid="22712" ordinal="0" offset="34" sl="40" sc="0" el="40" ec="0" bec="0" bev="0" fileid="40" />
              </SequencePoints>
              <BranchPoints />
            </Method>
            <Method visited="false" cyclomaticComplexity="0" nPathComplexity="0" sequenceCoverage="0.0" branchCoverage="0" crapScore="0" isConstructor="false" isStatic="false" isGetter="false" isSetter="false">
              <Summary numSequencePoints="24" visitedSequencePoints="0" numBranchPoints="0" visitedBranchPoints="0" sequenceCoverage="0.0" branchCoverage="0" maxCyclomaticComplexity="0" minCyclomaticComplexity="0" maxCrapScore="0" minCrapScore="0" visitedClasses="0" numClasses="0" visitedMethods="0" numMethods="1" />
              <MetadataToken>100663676</MetadataToken>
              <Name>System.Void Heap[T]::Replace(T, T)</Name>
              <FileRef uid="40" />
              <SequencePoints>
                <SequencePoint vc="0" uspid="22713" ordinal="0" offset="0" sl="48" sc="0" el="48" ec="0" bec="0" bev="0" fileid="40" />
                <SequencePoint vc="0" uspid="22714" ordinal="0" offset="1" sl="49" sc="0" el="49" ec="0" bec="0" bev="0" fileid="40" />
                <SequencePoint vc="0" uspid="22715" ordinal="0" offset="8" sl="51" sc="0" el="51" ec="0" bec="0" bev="0" fileid="40" />
                <SequencePoint vc="0" uspid="22716" ordinal="0" offset="9" sl="52" sc="0" el="52" ec="0" bec="0" bev="0" fileid="40" />
                <SequencePoint vc="0" uspid="22717" ordinal="0" offset="39" sl="53" sc="0" el="53" ec="0" bec="0" bev="0" fileid="40" />
                <SequencePoint vc="0" uspid="22718" ordinal="0" offset="40" sl="54" sc="0" el="54" ec="0" bec="0" bev="0" fileid="40" />
                <SequencePoint vc="0" uspid="22719" ordinal="0" offset="54" sl="55" sc="0" el="55" ec="0" bec="0" bev="0" fileid="40" />
                <SequencePoint vc="0" uspid="22720" ordinal="0" offset="73" sl="56" sc="0" el="56" ec="0" bec="0" bev="0" fileid="40" />
                <SequencePoint vc="0" uspid="22721" ordinal="0" offset="83" sl="58" sc="0" el="58" ec="0" bec="0" bev="0" fileid="40" />
                <SequencePoint vc="0" uspid="22722" ordinal="0" offset="91" sl="59" sc="0" el="59" ec="0" bec="0" bev="0" fileid="40" />
                <SequencePoint vc="0" uspid="22723" ordinal="0" offset="96" sl="61" sc="0" el="61" ec="0" bec="0" bev="0" fileid="40" />
                <SequencePoint vc="0" uspid="22724" ordinal="0" offset="102" sl="62" sc="0" el="62" ec="0" bec="0" bev="0" fileid="40" />
                <SequencePoint vc="0" uspid="22725" ordinal="0" offset="106" sl="63" sc="0" el="63" ec="0" bec="0" bev="0" fileid="40" />
                <SequencePoint vc="0" uspid="22726" ordinal="0" offset="108" sl="65" sc="0" el="65" ec="0" bec="0" bev="0" fileid="40" />
                <SequencePoint vc="0" uspid="22727" ordinal="0" offset="166" sl="66" sc="0" el="66" ec="0" bec="0" bev="0" fileid="40" />
                <SequencePoint vc="0" uspid="22728" ordinal="0" offset="168" sl="67" sc="0" el="67" ec="0" bec="0" bev="0" fileid="40" />
                <SequencePoint vc="0" uspid="22729" ordinal="0" offset="226" sl="68" sc="0" el="68" ec="0" bec="0" bev="0" fileid="40" />
                <SequencePoint vc="0" uspid="22730" ordinal="0" offset="228" sl="69" sc="0" el="69" ec="0" bec="0" bev="0" fileid="40" />
                <SequencePoint vc="0" uspid="22731" ordinal="0" offset="238" sl="69" sc="0" el="69" ec="0" bec="0" bev="0" fileid="40" />
                <SequencePoint vc="0" uspid="22732" ordinal="0" offset="240" sl="71" sc="0" el="71" ec="0" bec="0" bev="0" fileid="40" />
                <SequencePoint vc="0" uspid="22733" ordinal="0" offset="316" sl="72" sc="0" el="72" ec="0" bec="0" bev="0" fileid="40" />
                <SequencePoint vc="0" uspid="22734" ordinal="0" offset="318" sl="73" sc="0" el="73" ec="0" bec="0" bev="0" fileid="40" />
                <SequencePoint vc="0" uspid="22735" ordinal="0" offset="319" sl="50" sc="0" el="50" ec="0" bec="0" bev="0" fileid="40" />
                <SequencePoint vc="0" uspid="22736" ordinal="0" offset="327" sl="74" sc="0" el="74" ec="0" bec="0" bev="0" fileid="40" />
              </SequencePoints>
              <BranchPoints />
            </Method>
            <Method visited="false" cyclomaticComplexity="0" nPathComplexity="0" sequenceCoverage="0.0" branchCoverage="0" crapScore="0" isConstructor="false" isStatic="false" isGetter="false" isSetter="false">
              <Summary numSequencePoints="9" visitedSequencePoints="0" numBranchPoints="0" visitedBranchPoints="0" sequenceCoverage="0.0" branchCoverage="0" maxCyclomaticComplexity="0" minCyclomaticComplexity="0" maxCrapScore="0" minCrapScore="0" visitedClasses="0" numClasses="0" visitedMethods="0" numMethods="1" />
              <MetadataToken>100663677</MetadataToken>
              <Name>T Heap[T]::Pop()</Name>
              <FileRef uid="40" />
              <SequencePoints>
                <SequencePoint vc="0" uspid="22737" ordinal="0" offset="0" sl="80" sc="0" el="80" ec="0" bec="0" bev="0" fileid="40" />
                <SequencePoint vc="0" uspid="22738" ordinal="0" offset="1" sl="81" sc="0" el="81" ec="0" bec="0" bev="0" fileid="40" />
                <SequencePoint vc="0" uspid="22739" ordinal="0" offset="14" sl="82" sc="0" el="82" ec="0" bec="0" bev="0" fileid="40" />
                <SequencePoint vc="0" uspid="22740" ordinal="0" offset="28" sl="83" sc="0" el="83" ec="0" bec="0" bev="0" fileid="40" />
                <SequencePoint vc="0" uspid="22741" ordinal="0" offset="53" sl="84" sc="0" el="84" ec="0" bec="0" bev="0" fileid="40" />
                <SequencePoint vc="0" uspid="22742" ordinal="0" offset="66" sl="85" sc="0" el="85" ec="0" bec="0" bev="0" fileid="40" />
                <SequencePoint vc="0" uspid="22743" ordinal="0" offset="84" sl="86" sc="0" el="86" ec="0" bec="0" bev="0" fileid="40" />
                <SequencePoint vc="0" uspid="22744" ordinal="0" offset="92" sl="87" sc="0" el="87" ec="0" bec="0" bev="0" fileid="40" />
                <SequencePoint vc="0" uspid="22745" ordinal="0" offset="96" sl="88" sc="0" el="88" ec="0" bec="0" bev="0" fileid="40" />
              </SequencePoints>
              <BranchPoints />
            </Method>
            <Method visited="false" cyclomaticComplexity="0" nPathComplexity="0" sequenceCoverage="0.0" branchCoverage="0" crapScore="0" isConstructor="false" isStatic="false" isGetter="false" isSetter="false">
              <Summary numSequencePoints="5" visitedSequencePoints="0" numBranchPoints="0" visitedBranchPoints="0" sequenceCoverage="0.0" branchCoverage="0" maxCyclomaticComplexity="0" minCyclomaticComplexity="0" maxCrapScore="0" minCrapScore="0" visitedClasses="0" numClasses="0" visitedMethods="0" numMethods="1" />
              <MetadataToken>100663678</MetadataToken>
              <Name>T Heap[T]::Peak()</Name>
              <FileRef uid="40" />
              <SequencePoints>
                <SequencePoint vc="0" uspid="22746" ordinal="0" offset="0" sl="95" sc="0" el="95" ec="0" bec="0" bev="0" fileid="40" />
                <SequencePoint vc="0" uspid="22747" ordinal="0" offset="1" sl="96" sc="0" el="96" ec="0" bec="0" bev="0" fileid="40" />
                <SequencePoint vc="0" uspid="22748" ordinal="0" offset="19" sl="97" sc="0" el="97" ec="0" bec="0" bev="0" fileid="40" />
                <SequencePoint vc="0" uspid="22749" ordinal="0" offset="34" sl="98" sc="0" el="98" ec="0" bec="0" bev="0" fileid="40" />
                <SequencePoint vc="0" uspid="22750" ordinal="0" offset="46" sl="99" sc="0" el="99" ec="0" bec="0" bev="0" fileid="40" />
              </SequencePoints>
              <BranchPoints />
            </Method>
            <Method visited="false" cyclomaticComplexity="0" nPathComplexity="0" sequenceCoverage="0.0" branchCoverage="0" crapScore="0" isConstructor="false" isStatic="false" isGetter="false" isSetter="false">
              <Summary numSequencePoints="10" visitedSequencePoints="0" numBranchPoints="0" visitedBranchPoints="0" sequenceCoverage="0.0" branchCoverage="0" maxCyclomaticComplexity="0" minCyclomaticComplexity="0" maxCrapScore="0" minCrapScore="0" visitedClasses="0" numClasses="0" visitedMethods="0" numMethods="1" />
              <MetadataToken>100663679</MetadataToken>
              <Name>System.Void Heap[T]::HeapifyUp(System.Int32)</Name>
              <FileRef uid="40" />
              <SequencePoints>
                <SequencePoint vc="0" uspid="22751" ordinal="0" offset="0" sl="105" sc="0" el="105" ec="0" bec="0" bev="0" fileid="40" />
                <SequencePoint vc="0" uspid="22752" ordinal="0" offset="3" sl="107" sc="0" el="107" ec="0" bec="0" bev="0" fileid="40" />
                <SequencePoint vc="0" uspid="22753" ordinal="0" offset="4" sl="108" sc="0" el="108" ec="0" bec="0" bev="0" fileid="40" />
                <SequencePoint vc="0" uspid="22754" ordinal="0" offset="10" sl="109" sc="0" el="109" ec="0" bec="0" bev="0" fileid="40" />
                <SequencePoint vc="0" uspid="22755" ordinal="0" offset="52" sl="109" sc="0" el="109" ec="0" bec="0" bev="0" fileid="40" />
                <SequencePoint vc="0" uspid="22756" ordinal="0" offset="54" sl="110" sc="0" el="110" ec="0" bec="0" bev="0" fileid="40" />
                <SequencePoint vc="0" uspid="22757" ordinal="0" offset="126" sl="111" sc="0" el="111" ec="0" bec="0" bev="0" fileid="40" />
                <SequencePoint vc="0" uspid="22758" ordinal="0" offset="129" sl="112" sc="0" el="112" ec="0" bec="0" bev="0" fileid="40" />
                <SequencePoint vc="0" uspid="22759" ordinal="0" offset="130" sl="106" sc="0" el="106" ec="0" bec="0" bev="0" fileid="40" />
                <SequencePoint vc="0" uspid="22760" ordinal="0" offset="143" sl="113" sc="0" el="113" ec="0" bec="0" bev="0" fileid="40" />
              </SequencePoints>
              <BranchPoints />
            </Method>
            <Method visited="false" cyclomaticComplexity="0" nPathComplexity="0" sequenceCoverage="0.0" branchCoverage="0" crapScore="0" isConstructor="false" isStatic="false" isGetter="false" isSetter="false">
              <Summary numSequencePoints="16" visitedSequencePoints="0" numBranchPoints="0" visitedBranchPoints="0" sequenceCoverage="0.0" branchCoverage="0" maxCyclomaticComplexity="0" minCyclomaticComplexity="0" maxCrapScore="0" minCrapScore="0" visitedClasses="0" numClasses="0" visitedMethods="0" numMethods="1" />
              <MetadataToken>100663680</MetadataToken>
              <Name>System.Void Heap[T]::HeapifyDown(System.Int32)</Name>
              <FileRef uid="40" />
              <SequencePoints>
                <SequencePoint vc="0" uspid="22761" ordinal="0" offset="0" sl="119" sc="0" el="119" ec="0" bec="0" bev="0" fileid="40" />
                <SequencePoint vc="0" uspid="22762" ordinal="0" offset="6" sl="121" sc="0" el="121" ec="0" bec="0" bev="0" fileid="40" />
                <SequencePoint vc="0" uspid="22763" ordinal="0" offset="7" sl="122" sc="0" el="122" ec="0" bec="0" bev="0" fileid="40" />
                <SequencePoint vc="0" uspid="22764" ordinal="0" offset="13" sl="123" sc="0" el="123" ec="0" bec="0" bev="0" fileid="40" />
                <SequencePoint vc="0" uspid="22765" ordinal="0" offset="17" sl="124" sc="0" el="124" ec="0" bec="0" bev="0" fileid="40" />
                <SequencePoint vc="0" uspid="22766" ordinal="0" offset="19" sl="126" sc="0" el="126" ec="0" bec="0" bev="0" fileid="40" />
[...]
              <Summary numSequencePoints="3" visitedSequencePoints="3" numBranchPoints="0" visitedBranchPoints="0" sequenceCoverage="100.0" branchCoverage="0" maxCyclomaticComplexity="0" minCyclomaticComplexity="0" maxCrapScore="0" minCrapScore="0" visitedClasses="0" numClasses="0" visitedMethods="1" numMethods="1" />
              <MetadataToken>100663964</MetadataToken>
              <Name>GridPrivate.GridVisuals::GridVisuals()</Name>
              <FileRef uid="60" />
              <SequencePoints>
                <SequencePoint vc="2" uspid="24819" ordinal="0" offset="0" sl="32" sc="9" el="32" ec="9" bec="0" bev="0" fileid="60" />
                <SequencePoint vc="2" uspid="24820" ordinal="0" offset="37" sl="36" sc="9" el="36" ec="9" bec="0" bev="0" fileid="60" />
                <SequencePoint vc="2" uspid="24821" ordinal="0" offset="48" sl="37" sc="9" el="37" ec="9" bec="0" bev="0" fileid="60" />
              </SequencePoints>
              <BranchPoints />
            </Method>
          </Methods>
        </Class>
        <Class>
          <Summary numSequencePoints="10" visitedSequencePoints="10" numBranchPoints="0" visitedBranchPoints="0" sequenceCoverage="100.0" branchCoverage="0.0" maxCyclomaticComplexity="0" minCyclomaticComplexity="0" maxCrapScore="0" minCrapScore="0" visitedClasses="1" numClasses="1" visitedMethods="2" numMethods="2" />
          <FullName>GridPrivate.GridFSM</FullName>
          <Methods>
            <Method visited="true" cyclomaticComplexity="0" nPathComplexity="0" sequenceCoverage="100.0" branchCoverage="0" crapScore="0" isConstructor="false" isStatic="false" isGetter="true" isSetter="false">
              <Summary numSequencePoints="1" visitedSequencePoints="1" numBranchPoints="0" visitedBranchPoints="0" sequenceCoverage="100.0" branchCoverage="0" maxCyclomaticComplexity="0" minCyclomaticComplexity="0" maxCrapScore="0" minCrapScore="0" visitedClasses="0" numClasses="0" visitedMethods="1" numMethods="1" />
              <MetadataToken>100663997</MetadataToken>
              <Name>GridPrivate.StateIdle GridPrivate.GridFSM::get_IdleState()</Name>
              <FileRef uid="64" />
              <SequencePoints>
                <SequencePoint vc="2" uspid="25147" ordinal="0" offset="0" sl="10" sc="38" el="10" ec="38" bec="0" bev="0" fileid="64" />
              </SequencePoints>
              <BranchPoints />
            </Method>
            <Method visited="true" cyclomaticComplexity="0" nPathComplexity="0" sequenceCoverage="100.0" branchCoverage="0" crapScore="0" isConstructor="true" isStatic="false" isGetter="false" isSetter="false">
              <Summary numSequencePoints="9" visitedSequencePoints="9" numBranchPoints="0" visitedBranchPoints="0" sequenceCoverage="100.0" branchCoverage="0" maxCyclomaticComplexity="0" minCyclomaticComplexity="0" maxCrapScore="0" minCrapScore="0" visitedClasses="0" numClasses="0" visitedMethods="1" numMethods="1" />
              <MetadataToken>100663999</MetadataToken>
              <Name>GridPrivate.GridFSM::GridFSM()</Name>
              <FileRef uid="64" />
              <SequencePoints>
                <SequencePoint vc="2" uspid="25182" ordinal="0" offset="0" sl="10" sc="60" el="10" ec="60" bec="0" bev="0" fileid="64" />
                <SequencePoint vc="2" uspid="25183" ordinal="0" offset="11" sl="12" sc="9" el="12" ec="9" bec="0" bev="0" fileid="64" />
                <SequencePoint vc="2" uspid="25184" ordinal="0" offset="22" sl="13" sc="9" el="13" ec="9" bec="0" bev="0" fileid="64" />
                <SequencePoint vc="2" uspid="25185" ordinal="0" offset="33" sl="14" sc="9" el="14" ec="9" bec="0" bev="0" fileid="64" />
                <SequencePoint vc="2" uspid="25186" ordinal="0" offset="40" sl="16" sc="9" el="16" ec="9" bec="0" bev="0" fileid="64" />
                <SequencePoint vc="2" uspid="25187" ordinal="0" offset="47" sl="17" sc="9" el="17" ec="9" bec="0" bev="0" fileid="64" />
                <SequencePoint vc="2" uspid="25188" ordinal="0" offset="48" sl="18" sc="13" el="18" ec="13" bec="0" bev="0" fileid="64" />
                <SequencePoint vc="2" uspid="25189" ordinal="0" offset="61" sl="19" sc="13" el="19" ec="13" bec="0" bev="0" fileid="64" />
                <SequencePoint vc="2" uspid="25190" ordinal="0" offset="79" sl="24" sc="9" el="24" ec="9" bec="0" bev="0" fileid="64" />
              </SequencePoints>
              <BranchPoints />
            </Method>
          </Methods>
        </Class>
        <Class>
          <Summary numSequencePoints="1" visitedSequencePoints="1" numBranchPoints="0" visitedBranchPoints="0" sequenceCoverage="100.0" branchCoverage="0.0" maxCyclomaticComplexity="0" minCyclomaticComplexity="0" maxCrapScore="0" minCrapScore="0" visitedClasses="1" numClasses="1" visitedMethods="1" numMethods="1" />
          <FullName>GridPrivate.GridFSMState</FullName>
          <Methods>
            <Method visited="true" cyclomaticComplexity="0" nPathComplexity="0" sequenceCoverage="100.0" branchCoverage="0" crapScore="0" isConstructor="true" isStatic="false" isGetter="false" isSetter="false">
              <Summary numSequencePoints="1" visitedSequencePoints="1" numBranchPoints="0" visitedBranchPoints="0" sequenceCoverage="100.0" branchCoverage="0" maxCyclomaticComplexity="0" minCyclomaticComplexity="0" maxCrapScore="0" minCrapScore="0" visitedClasses="0" numClasses="0" visitedMethods="1" numMethods="1" />
              <MetadataToken>100664012</MetadataToken>
              <Name>GridPrivate.GridFSMState::GridFSMState()</Name>
              <FileRef uid="65" />
              <SequencePoints>
                <SequencePoint vc="2" uspid="25208" ordinal="0" offset="0" sl="10" sc="57" el="10" ec="57" bec="0" bev="0" fileid="65" />
              </SequencePoints>
              <BranchPoints />
            </Method>
          </Methods>
        </Class>
        <Class>
          <Summary numSequencePoints="18" visitedSequencePoints="18" numBranchPoints="0" visitedBranchPoints="0" sequenceCoverage="100.0" branchCoverage="0.0" maxCyclomaticComplexity="0" minCyclomaticComplexity="0" maxCrapScore="0" minCrapScore="0" visitedClasses="1" numClasses="1" visitedMethods="1" numMethods="1" />
          <FullName>Game.Creature.CreatureComponent</FullName>
          <Methods>
            <Method visited="true" cyclomaticComplexity="0" nPathComplexity="0" sequenceCoverage="100.0" branchCoverage="0" crapScore="0" isConstructor="true" isStatic="false" isGetter="false" isSetter="false">
              <Summary numSequencePoints="18" visitedSequencePoints="18" numBranchPoints="0" visitedBranchPoints="0" sequenceCoverage="100.0" branchCoverage="0" maxCyclomaticComplexity="0" minCyclomaticComplexity="0" maxCrapScore="0" minCrapScore="0" visitedClasses="0" numClasses="0" visitedMethods="1" numMethods="1" />
              <MetadataToken>100664159</MetadataToken>
              <Name>Game.Creature.CreatureComponent::CreatureComponent()</Name>
              <FileRef uid="71" />
              <SequencePoints>
                <SequencePoint vc="6" uspid="25752" ordinal="0" offset="0" sl="37" sc="26" el="37" ec="26" bec="0" bev="0" fileid="71" />
                <SequencePoint vc="6" uspid="25753" ordinal="0" offset="11" sl="38" sc="26" el="38" ec="26" bec="0" bev="0" fileid="71" />
                <SequencePoint vc="6" uspid="25754" ordinal="0" offset="22" sl="39" sc="26" el="39" ec="26" bec="0" bev="0" fileid="71" />
                <SequencePoint vc="6" uspid="25755" ordinal="0" offset="33" sl="40" sc="26" el="40" ec="26" bec="0" bev="0" fileid="71" />
                <SequencePoint vc="6" uspid="25756" ordinal="0" offset="44" sl="60" sc="26" el="60" ec="26" bec="0" bev="0" fileid="71" />
                <SequencePoint vc="6" uspid="25757" ordinal="0" offset="55" sl="65" sc="26" el="65" ec="26" bec="0" bev="0" fileid="71" />
                <SequencePoint vc="6" uspid="25758" ordinal="0" offset="66" sl="66" sc="26" el="66" ec="26" bec="0" bev="0" fileid="71" />
                <SequencePoint vc="6" uspid="25759" ordinal="0" offset="77" sl="67" sc="26" el="67" ec="26" bec="0" bev="0" fileid="71" />
                <SequencePoint vc="6" uspid="25760" ordinal="0" offset="88" sl="75" sc="26" el="75" ec="26" bec="0" bev="0" fileid="71" />
                <SequencePoint vc="6" uspid="25761" ordinal="0" offset="95" sl="76" sc="26" el="76" ec="26" bec="0" bev="0" fileid="71" />
                <SequencePoint vc="6" uspid="25762" ordinal="0" offset="102" sl="77" sc="26" el="77" ec="26" bec="0" bev="0" fileid="71" />
                <SequencePoint vc="6" uspid="25763" ordinal="0" offset="113" sl="78" sc="26" el="78" ec="26" bec="0" bev="0" fileid="71" />
                <SequencePoint vc="6" uspid="25764" ordinal="0" offset="124" sl="79" sc="26" el="79" ec="26" bec="0" bev="0" fileid="71" />
                <SequencePoint vc="6" uspid="25765" ordinal="0" offset="135" sl="80" sc="26" el="80" ec="26" bec="0" bev="0" fileid="71" />
                <SequencePoint vc="6" uspid="25766" ordinal="0" offset="146" sl="81" sc="26" el="81" ec="26" bec="0" bev="0" fileid="71" />
                <SequencePoint vc="6" uspid="25767" ordinal="0" offset="157" sl="131" sc="52" el="131" ec="52" bec="0" bev="0" fileid="71" />
                <SequencePoint vc="6" uspid="25768" ordinal="0" offset="168" sl="133" sc="55" el="133" ec="55" bec="0" bev="0" fileid="71" />
                <SequencePoint vc="6" uspid="25769" ordinal="0" offset="179" sl="134" sc="52" el="134" ec="52" bec="0" bev="0" fileid="71" />
              </SequencePoints>
              <BranchPoints />
            </Method>
          </Methods>
        </Class>
        <Class>
          <Summary numSequencePoints="3" visitedSequencePoints="3" numBranchPoints="0" visitedBranchPoints="0" sequenceCoverage="100.0" branchCoverage="0.0" maxCyclomaticComplexity="0" minCyclomaticComplexity="0" maxCrapScore="0" minCrapScore="0" visitedClasses="1" numClasses="1" visitedMethods="1" numMethods="1" />
          <FullName>Game.Creature.EquipmentArmor</FullName>
          <Methods>
            <Method visited="true" cyclomaticComplexity="0" nPathComplexity="0" sequenceCoverage="100.0" branchCoverage="0" crapScore="0" isConstructor="true" isStatic="false" isGetter="false" isSetter="false">
              <Summary numSequencePoints="3" visitedSequencePoints="3" numBranchPoints="0" visitedBranchPoints="0" sequenceCoverage="100.0" branchCoverage="0" maxCyclomaticComplexity="0" minCyclomaticComplexity="0" maxCrapScore="0" minCrapScore="0" visitedClasses="0" numClasses="0" visitedMethods="1" numMethods="1" />
              <MetadataToken>100664218</MetadataToken>
              <Name>Game.Creature.EquipmentArmor::EquipmentArmor()</Name>
              <FileRef uid="77" />
              <SequencePoints>
                <SequencePoint vc="11" uspid="26452" ordinal="0" offset="0" sl="26" sc="9" el="26" ec="9" bec="0" bev="0" fileid="77" />
                <SequencePoint vc="11" uspid="26453" ordinal="0" offset="7" sl="26" sc="32" el="26" ec="32" bec="0" bev="0" fileid="77" />
                <SequencePoint vc="11" uspid="26454" ordinal="0" offset="8" sl="26" sc="33" el="26" ec="33" bec="0" bev="0" fileid="77" />
              </SequencePoints>
              <BranchPoints />
            </Method>
          </Methods>
        </Class>
        <Class>
          <Summary numSequencePoints="3" visitedSequencePoints="3" numBranchPoints="0" visitedBranchPoints="0" sequenceCoverage="100.0" branchCoverage="0.0" maxCyclomaticComplexity="0" minCyclomaticComplexity="0" maxCrapScore="0" minCrapScore="0" visitedClasses="1" numClasses="1" visitedMethods="1" numMethods="1" />
          <FullName>Game.Creature.EquipmentWeapon</FullName>
          <Methods>
            <Method visited="true" cyclomaticComplexity="0" nPathComplexity="0" sequenceCoverage="100.0" branchCoverage="0" crapScore="0" isConstructor="true" isStatic="false" isGetter="false" isSetter="false">
              <Summary numSequencePoints="3" visitedSequencePoints="3" numBranchPoints="0" visitedBranchPoints="0" sequenceCoverage="100.0" branchCoverage="0" maxCyclomaticComplexity="0" minCyclomaticComplexity="0" maxCrapScore="0" minCrapScore="0" visitedClasses="0" numClasses="0" visitedMethods="1" numMethods="1" />
              <MetadataToken>100664219</MetadataToken>
              <Name>Game.Creature.EquipmentWeapon::EquipmentWeapon()</Name>
              <FileRef uid="78" />
              <SequencePoints>
                <SequencePoint vc="17" uspid="26455" ordinal="0" offset="0" sl="31" sc="9" el="31" ec="9" bec="0" bev="0" fileid="78" />
                <SequencePoint vc="17" uspid="26456" ordinal="0" offset="7" sl="31" sc="33" el="31" ec="33" bec="0" bev="0" fileid="78" />
                <SequencePoint vc="17" uspid="26457" ordinal="0" offset="8" sl="31" sc="34" el="31" ec="34" bec="0" bev="0" fileid="78" />
              </SequencePoints>
              <BranchPoints />
            </Method>
          </Methods>
        </Class>
        <Class>
          <Summary numSequencePoints="7" visitedSequencePoints="0" numBranchPoints="0" visitedBranchPoints="0" sequenceCoverage="0.0" branchCoverage="0.0" maxCyclomaticComplexity="0" minCyclomaticComplexity="0" maxCrapScore="0" minCrapScore="0" visitedClasses="0" numClasses="1" visitedMethods="0" numMethods="1" />
          <FullName>EventCoroutine[T]/&lt;Invoke&gt;d__5</FullName>
          <Methods>
            <Method visited="false" cyclomaticComplexity="0" nPathComplexity="0" sequenceCoverage="0.0" branchCoverage="0" crapScore="0" isConstructor="false" isStatic="false" isGetter="false" isSetter="false">
              <Summary numSequencePoints="7" visitedSequencePoints="0" numBranchPoints="0" visitedBranchPoints="0" sequenceCoverage="0.0" branchCoverage="0" maxCyclomaticComplexity="0" minCyclomaticComplexity="0" maxCrapScore="0" minCrapScore="0" visitedClasses="0" numClasses="0" visitedMethods="0" numMethods="1" />
              <MetadataToken>100664375</MetadataToken>
              <Name>System.Boolean EventCoroutine[T]/&lt;Invoke&gt;d__5::MoveNext()</Name>
              <FileRef uid="37" />
              <SequencePoints>
                <SequencePoint vc="0" uspid="26984" ordinal="0" offset="36" sl="40" sc="0" el="40" ec="0" bec="0" bev="0" fileid="37" />
                <SequencePoint vc="0" uspid="26985" ordinal="0" offset="37" sl="40" sc="0" el="40" ec="0" bec="0" bev="0" fileid="37" />
                <SequencePoint vc="0" uspid="26986" ordinal="0" offset="38" sl="40" sc="0" el="40" ec="0" bec="0" bev="0" fileid="37" />
                <SequencePoint vc="0" uspid="26987" ordinal="0" offset="70" sl="40" sc="0" el="40" ec="0" bec="0" bev="0" fileid="37" />
                <SequencePoint vc="0" uspid="26988" ordinal="0" offset="87" sl="40" sc="0" el="40" ec="0" bec="0" bev="0" fileid="37" />
                <SequencePoint vc="0" uspid="26989" ordinal="0" offset="136" sl="40" sc="0" el="40" ec="0" bec="0" bev="0" fileid="37" />
                <SequencePoint vc="0" uspid="26990" ordinal="0" offset="168" sl="40" sc="0" el="40" ec="0" bec="0" bev="0" fileid="37" />
              </SequencePoints>
              <BranchPoints />
            </Method>
          </Methods>
        </Class>
        <Class>
          <Summary numSequencePoints="7" visitedSequencePoints="0" numBranchPoints="0" visitedBranchPoints="0" sequenceCoverage="0.0" branchCoverage="0.0" maxCyclomaticComplexity="0" minCyclomaticComplexity="0" maxCrapScore="0" minCrapScore="0" visitedClasses="0" numClasses="1" visitedMethods="0" numMethods="1" />
          <FullName>StaticEventCoroutine[S,T]/&lt;Invoke&gt;d__5</FullName>
          <Methods>
            <Method visited="false" cyclomaticComplexity="0" nPathComplexity="0" sequenceCoverage="0.0" branchCoverage="0" crapScore="0" isConstructor="false" isStatic="false" isGetter="false" isSetter="false">
              <Summary numSequencePoints="7" visitedSequencePoints="0" numBranchPoints="0" visitedBranchPoints="0" sequenceCoverage="0.0" branchCoverage="0" maxCyclomaticComplexity="0" minCyclomaticComplexity="0" maxCrapScore="0" minCrapScore="0" visitedClasses="0" numClasses="0" visitedMethods="0" numMethods="1" />
              <MetadataToken>100664397</MetadataToken>
              <Name>System.Boolean StaticEventCoroutine[S,T]/&lt;Invoke&gt;d__5::MoveNext()</Name>
              <FileRef uid="43" />
              <SequencePoints>
                <SequencePoint vc="0" uspid="26998" ordinal="0" offset="36" sl="41" sc="0" el="41" ec="0" bec="0" bev="0" fileid="43" />
                <SequencePoint vc="0" uspid="26999" ordinal="0" offset="37" sl="41" sc="0" el="41" ec="0" bec="0" bev="0" fileid="43" />
                <SequencePoint vc="0" uspid="27000" ordinal="0" offset="38" sl="41" sc="0" el="41" ec="0" bec="0" bev="0" fileid="43" />
                <SequencePoint vc="0" uspid="27001" ordinal="0" offset="64" sl="41" sc="0" el="41" ec="0" bec="0" bev="0" fileid="43" />
                <SequencePoint vc="0" uspid="27002" ordinal="0" offset="81" sl="41" sc="0" el="41" ec="0" bec="0" bev="0" fileid="43" />
                <SequencePoint vc="0" uspid="27003" ordinal="0" offset="130" sl="41" sc="0" el="41" ec="0" bec="0" bev="0" fileid="43" />
                <SequencePoint vc="0" uspid="27004" ordinal="0" offset="162" sl="41" sc="0" el="41" ec="0" bec="0" bev="0" fileid="43" />
              </SequencePoints>
              <BranchPoints />
            </Method>
          </Methods>
        </Class>
        <Class>
          <Summary numSequencePoints="7" visitedSequencePoints="0" numBranchPoints="0" visitedBranchPoints="0" sequenceCoverage="0.0" branchCoverage="0.0" maxCyclomaticComplexity="0" minCyclomaticComplexity="0" maxCrapScore="0" minCrapScore="0" visitedClasses="0" numClasses="1" visitedMethods="0" numMethods="1" />
          <FullName>StaticEventCoroutine[T]/&lt;Invoke&gt;d__5</FullName>
          <Methods>
            <Method visited="false" cyclomaticComplexity="0" nPathComplexity="0" sequenceCoverage="0.0" branchCoverage="0" crapScore="0" isConstructor="false" isStatic="false" isGetter="false" isSetter="false">
              <Summary numSequencePoints="7" visitedSequencePoints="0" numBranchPoints="0" visitedBranchPoints="0" sequenceCoverage="0.0" branchCoverage="0" maxCyclomaticComplexity="0" minCyclomaticComplexity="0" maxCrapScore="0" minCrapScore="0" visitedClasses="0" numClasses="0" visitedMethods="0" numMethods="1" />
              <MetadataToken>100664408</MetadataToken>
              <Name>System.Boolean StaticEventCoroutine[T]/&lt;Invoke&gt;d__5::MoveNext()</Name>
              <FileRef uid="43" />
              <SequencePoints>
                <SequencePoint vc="0" uspid="27005" ordinal="0" offset="36" sl="76" sc="0" el="76" ec="0" bec="0" bev="0" fileid="43" />
                <SequencePoint vc="0" uspid="27006" ordinal="0" offset="37" sl="76" sc="0" el="76" ec="0" bec="0" bev="0" fileid="43" />
                <SequencePoint vc="0" uspid="27007" ordinal="0" offset="38" sl="76" sc="0" el="76" ec="0" bec="0" bev="0" fileid="43" />
                <SequencePoint vc="0" uspid="27008" ordinal="0" offset="64" sl="76" sc="0" el="76" ec="0" bec="0" bev="0" fileid="43" />
                <SequencePoint vc="0" uspid="27009" ordinal="0" offset="81" sl="76" sc="0" el="76" ec="0" bec="0" bev="0" fileid="43" />
                <SequencePoint vc="0" uspid="27010" ordinal="0" offset="124" sl="76" sc="0" el="76" ec="0" bec="0" bev="0" fileid="43" />
                <SequencePoint vc="0" uspid="27011" ordinal="0" offset="156" sl="76" sc="0" el="76" ec="0" bec="0" bev="0" fileid="43" />
              </SequencePoints>
              <BranchPoints />
            </Method>
          </Methods>
        </Class>
      </Classes>
    </Module>
  </Modules>
</CoverageSession>